2021-01-14 10:32:54,743 [Worker-6: Loading available Gradle versions] INFO  o.e.b.c.i.u.g.PublishedGradleVersions - Gradle version information cache is up-to-date. Trying to read.
2021-01-14 10:35:40,574 [Worker-6: Loading available Gradle versions] INFO  o.e.b.c.i.u.g.PublishedGradleVersions - Gradle version information cache is up-to-date. Trying to read.
2021-01-14 10:37:11,173 [Worker-8: Building] INFO  o.e.m.c.i.l.LifecycleMappingFactory - Using org.eclipse.m2e.jdt.JarLifecycleMapping lifecycle mapping for MavenProject: Academy:E2EProject:1.0-SNAPSHOT @ C:\Users\paone\eclipse-workspace\E2EProjectCucumber\E2EProjectCucumber\pom.xml.
2021-01-14 10:37:14,115 [Worker-8: Building] WARN  o.e.m.c.i.embedder.EclipseLogger - File encoding has not been set, using platform encoding Cp1252, i.e. build is platform dependent!
2021-01-14 10:37:14,128 [Worker-8: Building] WARN  o.e.m.c.i.embedder.EclipseLogger - Using platform encoding (Cp1252 actually) to copy filtered resources, i.e. build is platform dependent!
2021-01-14 10:37:14,137 [Worker-8: Building] INFO  o.e.m.c.i.embedder.EclipseLogger - Copying 4 resources
2021-01-14 10:37:14,175 [Worker-8: Building] WARN  o.e.m.c.i.embedder.EclipseLogger - Using platform encoding (Cp1252 actually) to copy filtered resources, i.e. build is platform dependent!
2021-01-14 10:37:14,177 [Worker-8: Building] INFO  o.e.m.c.i.embedder.EclipseLogger - skip non existing resourceDirectory C:\Users\paone\eclipse-workspace\E2EProjectCucumber\E2EProjectCucumber\src\test\resources
2021-01-14 10:37:17,046 [Worker-8: Building] WARN  o.e.m.c.i.embedder.EclipseLogger - File encoding has not been set, using platform encoding Cp1252, i.e. build is platform dependent!
2021-01-14 10:37:17,048 [Worker-8: Building] WARN  o.e.m.c.i.embedder.EclipseLogger - Using platform encoding (Cp1252 actually) to copy filtered resources, i.e. build is platform dependent!
2021-01-14 10:37:17,053 [Worker-8: Building] INFO  o.e.m.c.i.embedder.EclipseLogger - Copying 4 resources
2021-01-14 10:37:17,065 [Worker-8: Building] WARN  o.e.m.c.i.embedder.EclipseLogger - Using platform encoding (Cp1252 actually) to copy filtered resources, i.e. build is platform dependent!
2021-01-14 10:37:17,066 [Worker-8: Building] INFO  o.e.m.c.i.embedder.EclipseLogger - skip non existing resourceDirectory C:\Users\paone\eclipse-workspace\E2EProjectCucumber\E2EProjectCucumber\src\test\resources
2021-01-14 10:37:32,082 [Worker-8: Building] WARN  o.e.m.c.i.embedder.EclipseLogger - File encoding has not been set, using platform encoding Cp1252, i.e. build is platform dependent!
2021-01-14 10:37:32,083 [Worker-8: Building] WARN  o.e.m.c.i.embedder.EclipseLogger - Using platform encoding (Cp1252 actually) to copy filtered resources, i.e. build is platform dependent!
2021-01-14 10:37:32,085 [Worker-8: Building] INFO  o.e.m.c.i.embedder.EclipseLogger - Copying 0 resource
2021-01-14 10:37:32,087 [Worker-8: Building] WARN  o.e.m.c.i.embedder.EclipseLogger - Using platform encoding (Cp1252 actually) to copy filtered resources, i.e. build is platform dependent!
2021-01-14 10:37:32,089 [Worker-8: Building] INFO  o.e.m.c.i.embedder.EclipseLogger - skip non existing resourceDirectory C:\Users\paone\eclipse-workspace\E2EProjectCucumber\E2EProjectCucumber\src\test\resources
2021-01-14 10:38:06,913 [Worker-2: Building] WARN  o.e.m.c.i.embedder.EclipseLogger - File encoding has not been set, using platform encoding Cp1252, i.e. build is platform dependent!
2021-01-14 10:38:06,916 [Worker-2: Building] WARN  o.e.m.c.i.embedder.EclipseLogger - Using platform encoding (Cp1252 actually) to copy filtered resources, i.e. build is platform dependent!
2021-01-14 10:38:06,917 [Worker-2: Building] INFO  o.e.m.c.i.embedder.EclipseLogger - Copying 0 resource
2021-01-14 10:38:06,918 [Worker-2: Building] WARN  o.e.m.c.i.embedder.EclipseLogger - Using platform encoding (Cp1252 actually) to copy filtered resources, i.e. build is platform dependent!
2021-01-14 10:38:06,919 [Worker-2: Building] INFO  o.e.m.c.i.embedder.EclipseLogger - skip non existing resourceDirectory C:\Users\paone\eclipse-workspace\E2EProjectCucumber\E2EProjectCucumber\src\test\resources
2021-01-14 10:53:13,249 [Worker-20: Building] INFO  o.e.m.c.i.l.LifecycleMappingFactory - Using org.eclipse.m2e.jdt.JarLifecycleMapping lifecycle mapping for MavenProject: PavanAcademy:E2E_Maven_Project:0.0.1-SNAPSHOT @ C:\Users\paone\eclipse-workspace\E2EProjectCucumber\E2EProjectCucumber\pom.xml.
2021-01-14 10:53:13,589 [Worker-20: Building] INFO  o.e.m.c.i.embedder.EclipseLogger - Using 'UTF-8' encoding to copy filtered resources.
2021-01-14 10:53:13,589 [Worker-20: Building] INFO  o.e.m.c.i.embedder.EclipseLogger - skip non existing resourceDirectory C:\Users\paone\eclipse-workspace\E2EProjectCucumber\E2EProjectCucumber\src\main\resources
2021-01-14 10:53:13,591 [Worker-20: Building] INFO  o.e.m.c.i.embedder.EclipseLogger - Using 'UTF-8' encoding to copy filtered resources.
2021-01-14 10:53:13,591 [Worker-20: Building] INFO  o.e.m.c.i.embedder.EclipseLogger - skip non existing resourceDirectory C:\Users\paone\eclipse-workspace\E2EProjectCucumber\E2EProjectCucumber\src\test\resources
2021-01-14 10:53:14,895 [Worker-20: Building] INFO  o.e.m.c.i.embedder.EclipseLogger - Using 'UTF-8' encoding to copy filtered resources.
2021-01-14 10:53:14,896 [Worker-20: Building] INFO  o.e.m.c.i.embedder.EclipseLogger - skip non existing resourceDirectory C:\Users\paone\eclipse-workspace\E2EProjectCucumber\E2EProjectCucumber\src\main\resources
2021-01-14 10:53:14,897 [Worker-20: Building] INFO  o.e.m.c.i.embedder.EclipseLogger - Using 'UTF-8' encoding to copy filtered resources.
2021-01-14 10:53:14,897 [Worker-20: Building] INFO  o.e.m.c.i.embedder.EclipseLogger - skip non existing resourceDirectory C:\Users\paone\eclipse-workspace\E2EProjectCucumber\E2EProjectCucumber\src\test\resources
2021-01-14 10:55:36,029 [Worker-19: Building] INFO  o.e.m.c.i.l.LifecycleMappingFactory - Using org.eclipse.m2e.jdt.JarLifecycleMapping lifecycle mapping for MavenProject: Academy:E2EProject:1.0-SNAPSHOT @ C:\Users\paone\eclipse-workspace\E2EProjectCucumber\E2EProjectCucumber\pom.xml.
2021-01-14 10:55:37,711 [Worker-19: Building] WARN  o.e.m.c.i.embedder.EclipseLogger - File encoding has not been set, using platform encoding Cp1252, i.e. build is platform dependent!
2021-01-14 10:55:37,718 [Worker-19: Building] WARN  o.e.m.c.i.embedder.EclipseLogger - Using platform encoding (Cp1252 actually) to copy filtered resources, i.e. build is platform dependent!
2021-01-14 10:55:37,720 [Worker-19: Building] INFO  o.e.m.c.i.embedder.EclipseLogger - Copying 0 resource
2021-01-14 10:55:37,722 [Worker-19: Building] WARN  o.e.m.c.i.embedder.EclipseLogger - Using platform encoding (Cp1252 actually) to copy filtered resources, i.e. build is platform dependent!
2021-01-14 10:55:37,723 [Worker-19: Building] INFO  o.e.m.c.i.embedder.EclipseLogger - skip non existing resourceDirectory C:\Users\paone\eclipse-workspace\E2EProjectCucumber\E2EProjectCucumber\src\test\resources
2021-01-14 10:55:39,684 [Worker-21: Building] WARN  o.e.m.c.i.embedder.EclipseLogger - File encoding has not been set, using platform encoding Cp1252, i.e. build is platform dependent!
2021-01-14 10:55:39,686 [Worker-21: Building] WARN  o.e.m.c.i.embedder.EclipseLogger - Using platform encoding (Cp1252 actually) to copy filtered resources, i.e. build is platform dependent!
2021-01-14 10:55:39,689 [Worker-21: Building] INFO  o.e.m.c.i.embedder.EclipseLogger - Copying 4 resources
2021-01-14 10:55:39,723 [Worker-21: Building] WARN  o.e.m.c.i.embedder.EclipseLogger - Using platform encoding (Cp1252 actually) to copy filtered resources, i.e. build is platform dependent!
2021-01-14 10:55:39,724 [Worker-21: Building] INFO  o.e.m.c.i.embedder.EclipseLogger - skip non existing resourceDirectory C:\Users\paone\eclipse-workspace\E2EProjectCucumber\E2EProjectCucumber\src\test\resources
2021-01-14 10:55:40,096 [Worker-22: Download sources and javadoc] INFO  o.e.m.c.i.e.AbstractTransferListenerAdapter - Downloading https://repo.maven.apache.org/maven2/io/cucumber/cucumber-java/6.9.1/cucumber-java-6.9.1-sources.jar
2021-01-14 10:55:40,377 [Worker-22: Download sources and javadoc] INFO  o.e.m.c.i.e.AbstractTransferListenerAdapter - Downloaded https://repo.maven.apache.org/maven2/io/cucumber/cucumber-java/6.9.1/cucumber-java-6.9.1-sources.jar
2021-01-14 10:55:40,428 [Worker-22: Download sources and javadoc] INFO  o.e.m.j.internal.DownloadSourcesJob - Downloaded sources for io.cucumber:cucumber-java:6.9.1
2021-01-14 10:55:41,208 [Worker-22: Download sources and javadoc] INFO  o.e.m.c.i.e.AbstractTransferListenerAdapter - Downloading https://repo.maven.apache.org/maven2/io/cucumber/cucumber-core/6.9.1/cucumber-core-6.9.1-sources.jar
2021-01-14 10:55:42,143 [Worker-22: Download sources and javadoc] INFO  o.e.m.c.i.e.AbstractTransferListenerAdapter - Downloaded https://repo.maven.apache.org/maven2/io/cucumber/cucumber-core/6.9.1/cucumber-core-6.9.1-sources.jar
2021-01-14 10:55:42,177 [Worker-22: Download sources and javadoc] INFO  o.e.m.j.internal.DownloadSourcesJob - Downloaded sources for io.cucumber:cucumber-core:6.9.1
2021-01-14 10:55:42,570 [Worker-22: Download sources and javadoc] INFO  o.e.m.c.i.e.AbstractTransferListenerAdapter - Downloading https://repo.maven.apache.org/maven2/io/cucumber/cucumber-gherkin/6.9.1/cucumber-gherkin-6.9.1-sources.jar
2021-01-14 10:55:43,090 [Worker-22: Download sources and javadoc] INFO  o.e.m.c.i.e.AbstractTransferListenerAdapter - Downloaded https://repo.maven.apache.org/maven2/io/cucumber/cucumber-gherkin/6.9.1/cucumber-gherkin-6.9.1-sources.jar
2021-01-14 10:55:43,124 [Worker-22: Download sources and javadoc] INFO  o.e.m.j.internal.DownloadSourcesJob - Downloaded sources for io.cucumber:cucumber-gherkin:6.9.1
2021-01-14 10:55:43,426 [Worker-22: Download sources and javadoc] INFO  o.e.m.c.i.e.AbstractTransferListenerAdapter - Downloading https://repo.maven.apache.org/maven2/io/cucumber/cucumber-gherkin-messages/6.9.1/cucumber-gherkin-messages-6.9.1-sources.jar
2021-01-14 10:55:43,525 [Worker-22: Download sources and javadoc] INFO  o.e.m.c.i.e.AbstractTransferListenerAdapter - Downloaded https://repo.maven.apache.org/maven2/io/cucumber/cucumber-gherkin-messages/6.9.1/cucumber-gherkin-messages-6.9.1-sources.jar
2021-01-14 10:55:43,555 [Worker-22: Download sources and javadoc] INFO  o.e.m.j.internal.DownloadSourcesJob - Downloaded sources for io.cucumber:cucumber-gherkin-messages:6.9.1
2021-01-14 10:55:43,719 [Worker-22: Download sources and javadoc] INFO  o.e.m.c.i.e.AbstractTransferListenerAdapter - Downloading https://repo.maven.apache.org/maven2/io/cucumber/messages/13.2.1/messages-13.2.1-sources.jar
2021-01-14 10:55:44,085 [Worker-22: Download sources and javadoc] INFO  o.e.m.c.i.e.AbstractTransferListenerAdapter - Downloaded https://repo.maven.apache.org/maven2/io/cucumber/messages/13.2.1/messages-13.2.1-sources.jar
2021-01-14 10:55:44,117 [Worker-22: Download sources and javadoc] INFO  o.e.m.j.internal.DownloadSourcesJob - Downloaded sources for io.cucumber:messages:13.2.1
2021-01-14 10:55:44,724 [Worker-22: Download sources and javadoc] INFO  o.e.m.c.i.e.AbstractTransferListenerAdapter - Downloading https://repo.maven.apache.org/maven2/io/cucumber/tag-expressions/3.0.0/tag-expressions-3.0.0-sources.jar
2021-01-14 10:55:44,799 [Worker-22: Download sources and javadoc] INFO  o.e.m.c.i.e.AbstractTransferListenerAdapter - Downloaded https://repo.maven.apache.org/maven2/io/cucumber/tag-expressions/3.0.0/tag-expressions-3.0.0-sources.jar
2021-01-14 10:55:44,838 [Worker-22: Download sources and javadoc] INFO  o.e.m.j.internal.DownloadSourcesJob - Downloaded sources for io.cucumber:tag-expressions:3.0.0
2021-01-14 10:55:45,054 [Worker-22: Download sources and javadoc] INFO  o.e.m.c.i.e.AbstractTransferListenerAdapter - Downloading https://repo.maven.apache.org/maven2/io/cucumber/cucumber-expressions/10.3.0/cucumber-expressions-10.3.0-sources.jar
2021-01-14 10:55:45,398 [Worker-22: Download sources and javadoc] INFO  o.e.m.c.i.e.AbstractTransferListenerAdapter - Downloaded https://repo.maven.apache.org/maven2/io/cucumber/cucumber-expressions/10.3.0/cucumber-expressions-10.3.0-sources.jar
2021-01-14 10:55:45,432 [Worker-22: Download sources and javadoc] INFO  o.e.m.j.internal.DownloadSourcesJob - Downloaded sources for io.cucumber:cucumber-expressions:10.3.0
2021-01-14 10:55:46,471 [Worker-22: Download sources and javadoc] INFO  o.e.m.c.i.e.AbstractTransferListenerAdapter - Downloading https://repo.maven.apache.org/maven2/io/cucumber/datatable/3.5.0/datatable-3.5.0-sources.jar
2021-01-14 10:55:46,912 [Worker-22: Download sources and javadoc] INFO  o.e.m.c.i.e.AbstractTransferListenerAdapter - Downloaded https://repo.maven.apache.org/maven2/io/cucumber/datatable/3.5.0/datatable-3.5.0-sources.jar
2021-01-14 10:55:46,960 [Worker-22: Download sources and javadoc] INFO  o.e.m.j.internal.DownloadSourcesJob - Downloaded sources for io.cucumber:datatable:3.5.0
2021-01-14 10:55:47,638 [Worker-22: Download sources and javadoc] INFO  o.e.m.c.i.e.AbstractTransferListenerAdapter - Downloading https://repo.maven.apache.org/maven2/io/cucumber/cucumber-plugin/6.9.1/cucumber-plugin-6.9.1-sources.jar
2021-01-14 10:55:47,795 [Worker-22: Download sources and javadoc] INFO  o.e.m.c.i.e.AbstractTransferListenerAdapter - Downloaded https://repo.maven.apache.org/maven2/io/cucumber/cucumber-plugin/6.9.1/cucumber-plugin-6.9.1-sources.jar
2021-01-14 10:55:47,826 [Worker-22: Download sources and javadoc] INFO  o.e.m.j.internal.DownloadSourcesJob - Downloaded sources for io.cucumber:cucumber-plugin:6.9.1
2021-01-14 10:55:48,285 [Worker-22: Download sources and javadoc] INFO  o.e.m.c.i.e.AbstractTransferListenerAdapter - Downloading https://repo.maven.apache.org/maven2/io/cucumber/docstring/6.9.1/docstring-6.9.1-sources.jar
2021-01-14 10:55:48,487 [Worker-22: Download sources and javadoc] INFO  o.e.m.c.i.e.AbstractTransferListenerAdapter - Downloaded https://repo.maven.apache.org/maven2/io/cucumber/docstring/6.9.1/docstring-6.9.1-sources.jar
2021-01-14 10:55:48,521 [Worker-22: Download sources and javadoc] INFO  o.e.m.j.internal.DownloadSourcesJob - Downloaded sources for io.cucumber:docstring:6.9.1
2021-01-14 10:55:48,957 [Worker-22: Download sources and javadoc] INFO  o.e.m.c.i.e.AbstractTransferListenerAdapter - Downloading https://repo.maven.apache.org/maven2/io/cucumber/html-formatter/9.0.0/html-formatter-9.0.0-sources.jar
2021-01-14 10:55:49,073 [Worker-22: Download sources and javadoc] INFO  o.e.m.c.i.e.AbstractTransferListenerAdapter - Downloaded https://repo.maven.apache.org/maven2/io/cucumber/html-formatter/9.0.0/html-formatter-9.0.0-sources.jar
2021-01-14 10:55:49,107 [Worker-22: Download sources and javadoc] INFO  o.e.m.j.internal.DownloadSourcesJob - Downloaded sources for io.cucumber:html-formatter:9.0.0
2021-01-14 10:55:50,887 [Worker-22: Download sources and javadoc] INFO  o.e.m.c.i.e.AbstractTransferListenerAdapter - Downloading https://repo.maven.apache.org/maven2/io/cucumber/create-meta/2.0.4/create-meta-2.0.4-sources.jar
2021-01-14 10:55:51,387 [Worker-22: Download sources and javadoc] INFO  o.e.m.c.i.e.AbstractTransferListenerAdapter - Downloaded https://repo.maven.apache.org/maven2/io/cucumber/create-meta/2.0.4/create-meta-2.0.4-sources.jar
2021-01-14 10:55:51,427 [Worker-22: Download sources and javadoc] INFO  o.e.m.j.internal.DownloadSourcesJob - Downloaded sources for io.cucumber:create-meta:2.0.4
2021-01-14 10:55:51,731 [Worker-8: Building] WARN  o.e.m.c.i.embedder.EclipseLogger - File encoding has not been set, using platform encoding Cp1252, i.e. build is platform dependent!
2021-01-14 10:55:51,733 [Worker-8: Building] WARN  o.e.m.c.i.embedder.EclipseLogger - Using platform encoding (Cp1252 actually) to copy filtered resources, i.e. build is platform dependent!
2021-01-14 10:55:51,733 [Worker-8: Building] INFO  o.e.m.c.i.embedder.EclipseLogger - Copying 0 resource
2021-01-14 10:55:51,734 [Worker-8: Building] WARN  o.e.m.c.i.embedder.EclipseLogger - Using platform encoding (Cp1252 actually) to copy filtered resources, i.e. build is platform dependent!
2021-01-14 10:55:51,735 [Worker-8: Building] INFO  o.e.m.c.i.embedder.EclipseLogger - skip non existing resourceDirectory C:\Users\paone\eclipse-workspace\E2EProjectCucumber\E2EProjectCucumber\src\test\resources
2021-01-14 11:02:38,401 [Worker-28: Building] WARN  o.e.m.c.i.embedder.EclipseLogger - File encoding has not been set, using platform encoding Cp1252, i.e. build is platform dependent!
2021-01-14 11:02:38,403 [Worker-28: Building] WARN  o.e.m.c.i.embedder.EclipseLogger - Using platform encoding (Cp1252 actually) to copy filtered resources, i.e. build is platform dependent!
2021-01-14 11:02:38,405 [Worker-28: Building] INFO  o.e.m.c.i.embedder.EclipseLogger - Copying 4 resources
2021-01-14 11:02:38,415 [Worker-28: Building] WARN  o.e.m.c.i.embedder.EclipseLogger - Using platform encoding (Cp1252 actually) to copy filtered resources, i.e. build is platform dependent!
2021-01-14 11:02:38,416 [Worker-28: Building] INFO  o.e.m.c.i.embedder.EclipseLogger - skip non existing resourceDirectory C:\Users\paone\eclipse-workspace\E2EProjectCucumber\E2EProjectCucumber\src\test\resources
2021-01-14 11:06:28,633 [Worker-25: Building] WARN  o.e.m.c.i.embedder.EclipseLogger - File encoding has not been set, using platform encoding Cp1252, i.e. build is platform dependent!
2021-01-14 11:06:28,635 [Worker-25: Building] WARN  o.e.m.c.i.embedder.EclipseLogger - Using platform encoding (Cp1252 actually) to copy filtered resources, i.e. build is platform dependent!
2021-01-14 11:06:28,637 [Worker-25: Building] INFO  o.e.m.c.i.embedder.EclipseLogger - Copying 4 resources
2021-01-14 11:06:28,643 [Worker-25: Building] WARN  o.e.m.c.i.embedder.EclipseLogger - Using platform encoding (Cp1252 actually) to copy filtered resources, i.e. build is platform dependent!
2021-01-14 11:06:28,644 [Worker-25: Building] INFO  o.e.m.c.i.embedder.EclipseLogger - skip non existing resourceDirectory C:\Users\paone\eclipse-workspace\E2EProjectCucumber\E2EProjectCucumber\src\test\resources
2021-01-14 11:13:53,330 [Worker-35: Building] INFO  o.e.m.c.i.l.LifecycleMappingFactory - Using org.eclipse.m2e.jdt.JarLifecycleMapping lifecycle mapping for MavenProject: Academy:E2EProject:1.0-SNAPSHOT @ C:\Users\paone\eclipse-workspace\E2EProjectCucumber\E2EProjectCucumber\pom.xml.
2021-01-14 11:13:54,699 [Worker-35: Building] WARN  o.e.m.c.i.embedder.EclipseLogger - File encoding has not been set, using platform encoding Cp1252, i.e. build is platform dependent!
2021-01-14 11:13:54,704 [Worker-35: Building] WARN  o.e.m.c.i.embedder.EclipseLogger - Using platform encoding (Cp1252 actually) to copy filtered resources, i.e. build is platform dependent!
2021-01-14 11:13:54,707 [Worker-35: Building] INFO  o.e.m.c.i.embedder.EclipseLogger - Copying 0 resource
2021-01-14 11:13:54,709 [Worker-35: Building] WARN  o.e.m.c.i.embedder.EclipseLogger - Using platform encoding (Cp1252 actually) to copy filtered resources, i.e. build is platform dependent!
2021-01-14 11:13:54,711 [Worker-35: Building] INFO  o.e.m.c.i.embedder.EclipseLogger - skip non existing resourceDirectory C:\Users\paone\eclipse-workspace\E2EProjectCucumber\E2EProjectCucumber\src\test\resources
2021-01-14 11:13:56,686 [Worker-33: Building] WARN  o.e.m.c.i.embedder.EclipseLogger - File encoding has not been set, using platform encoding Cp1252, i.e. build is platform dependent!
2021-01-14 11:13:56,687 [Worker-33: Building] WARN  o.e.m.c.i.embedder.EclipseLogger - Using platform encoding (Cp1252 actually) to copy filtered resources, i.e. build is platform dependent!
2021-01-14 11:13:56,688 [Worker-33: Building] INFO  o.e.m.c.i.embedder.EclipseLogger - Copying 4 resources
2021-01-14 11:13:56,707 [Worker-33: Building] WARN  o.e.m.c.i.embedder.EclipseLogger - Using platform encoding (Cp1252 actually) to copy filtered resources, i.e. build is platform dependent!
2021-01-14 11:13:56,708 [Worker-33: Building] INFO  o.e.m.c.i.embedder.EclipseLogger - skip non existing resourceDirectory C:\Users\paone\eclipse-workspace\E2EProjectCucumber\E2EProjectCucumber\src\test\resources
2021-01-14 11:25:06,029 [Worker-40: Building] WARN  o.e.m.c.i.embedder.EclipseLogger - File encoding has not been set, using platform encoding Cp1252, i.e. build is platform dependent!
2021-01-14 11:25:06,030 [Worker-40: Building] WARN  o.e.m.c.i.embedder.EclipseLogger - Using platform encoding (Cp1252 actually) to copy filtered resources, i.e. build is platform dependent!
2021-01-14 11:25:06,031 [Worker-40: Building] INFO  o.e.m.c.i.embedder.EclipseLogger - Copying 4 resources
2021-01-14 11:25:06,037 [Worker-40: Building] WARN  o.e.m.c.i.embedder.EclipseLogger - Using platform encoding (Cp1252 actually) to copy filtered resources, i.e. build is platform dependent!
2021-01-14 11:25:06,038 [Worker-40: Building] INFO  o.e.m.c.i.embedder.EclipseLogger - skip non existing resourceDirectory C:\Users\paone\eclipse-workspace\E2EProjectCucumber\E2EProjectCucumber\src\test\resources
2021-01-14 11:27:39,121 [Worker-46: Building] WARN  o.e.m.c.i.embedder.EclipseLogger - File encoding has not been set, using platform encoding Cp1252, i.e. build is platform dependent!
2021-01-14 11:27:39,122 [Worker-46: Building] WARN  o.e.m.c.i.embedder.EclipseLogger - Using platform encoding (Cp1252 actually) to copy filtered resources, i.e. build is platform dependent!
2021-01-14 11:27:39,124 [Worker-46: Building] INFO  o.e.m.c.i.embedder.EclipseLogger - Copying 0 resource
2021-01-14 11:27:39,126 [Worker-46: Building] WARN  o.e.m.c.i.embedder.EclipseLogger - Using platform encoding (Cp1252 actually) to copy filtered resources, i.e. build is platform dependent!
2021-01-14 11:27:39,127 [Worker-46: Building] INFO  o.e.m.c.i.embedder.EclipseLogger - skip non existing resourceDirectory C:\Users\paone\eclipse-workspace\E2EProjectCucumber\E2EProjectCucumber\src\test\resources
2021-01-14 11:28:02,463 [Worker-40: Building] WARN  o.e.m.c.i.embedder.EclipseLogger - File encoding has not been set, using platform encoding Cp1252, i.e. build is platform dependent!
2021-01-14 11:28:02,464 [Worker-40: Building] WARN  o.e.m.c.i.embedder.EclipseLogger - Using platform encoding (Cp1252 actually) to copy filtered resources, i.e. build is platform dependent!
2021-01-14 11:28:02,466 [Worker-40: Building] INFO  o.e.m.c.i.embedder.EclipseLogger - Copying 7 resources
2021-01-14 11:28:02,476 [Worker-40: Building] WARN  o.e.m.c.i.embedder.EclipseLogger - Using platform encoding (Cp1252 actually) to copy filtered resources, i.e. build is platform dependent!
2021-01-14 11:28:02,477 [Worker-40: Building] INFO  o.e.m.c.i.embedder.EclipseLogger - skip non existing resourceDirectory C:\Users\paone\eclipse-workspace\E2EProjectCucumber\E2EProjectCucumber\src\test\resources
2021-01-14 11:28:29,722 [Worker-47: Building] WARN  o.e.m.c.i.embedder.EclipseLogger - File encoding has not been set, using platform encoding Cp1252, i.e. build is platform dependent!
2021-01-14 11:28:29,723 [Worker-47: Building] WARN  o.e.m.c.i.embedder.EclipseLogger - Using platform encoding (Cp1252 actually) to copy filtered resources, i.e. build is platform dependent!
2021-01-14 11:28:29,724 [Worker-47: Building] INFO  o.e.m.c.i.embedder.EclipseLogger - Copying 8 resources
2021-01-14 11:28:29,730 [Worker-47: Building] WARN  o.e.m.c.i.embedder.EclipseLogger - Using platform encoding (Cp1252 actually) to copy filtered resources, i.e. build is platform dependent!
2021-01-14 11:28:29,731 [Worker-47: Building] INFO  o.e.m.c.i.embedder.EclipseLogger - skip non existing resourceDirectory C:\Users\paone\eclipse-workspace\E2EProjectCucumber\E2EProjectCucumber\src\test\resources
2021-01-14 11:28:49,437 [Worker-46: Building] WARN  o.e.m.c.i.embedder.EclipseLogger - File encoding has not been set, using platform encoding Cp1252, i.e. build is platform dependent!
2021-01-14 11:28:49,438 [Worker-46: Building] WARN  o.e.m.c.i.embedder.EclipseLogger - Using platform encoding (Cp1252 actually) to copy filtered resources, i.e. build is platform dependent!
2021-01-14 11:28:49,440 [Worker-46: Building] INFO  o.e.m.c.i.embedder.EclipseLogger - Copying 8 resources
2021-01-14 11:28:49,449 [Worker-46: Building] WARN  o.e.m.c.i.embedder.EclipseLogger - Using platform encoding (Cp1252 actually) to copy filtered resources, i.e. build is platform dependent!
2021-01-14 11:28:49,450 [Worker-46: Building] INFO  o.e.m.c.i.embedder.EclipseLogger - skip non existing resourceDirectory C:\Users\paone\eclipse-workspace\E2EProjectCucumber\E2EProjectCucumber\src\test\resources
2021-01-14 11:29:38,474 [Worker-48: Updating Maven Project] INFO  o.e.m.c.i.p.ProjectConfigurationManager - Update started
2021-01-14 11:29:38,744 [Worker-48: Updating Maven Project] INFO  o.e.m.c.i.l.LifecycleMappingFactory - Using org.eclipse.m2e.jdt.JarLifecycleMapping lifecycle mapping for MavenProject: Academy:E2EProject:1.0-SNAPSHOT @ C:\Users\paone\eclipse-workspace\E2EProjectCucumber\E2EProjectCucumber\pom.xml.
2021-01-14 11:29:39,578 [Worker-48: Updating Maven Project] INFO  o.e.m.j.i.AbstractJavaProjectConfigurator - Adding source folder /E2EProjectCucumber/src/main/java
2021-01-14 11:29:39,579 [Worker-48: Updating Maven Project] INFO  o.e.m.j.i.AbstractJavaProjectConfigurator - Resources folder /E2EProjectCucumber/src/main/java/resources overlaps with sources folder /E2EProjectCucumber/src/main/java
2021-01-14 11:29:39,580 [Worker-48: Updating Maven Project] INFO  o.e.m.j.i.AbstractJavaProjectConfigurator - Adding source folder /E2EProjectCucumber/src/test/java
2021-01-14 11:29:39,824 [Worker-48: Updating Maven Project] INFO  o.e.m.c.i.p.ProjectConfigurationManager - Update completed: 1 sec
2021-01-14 11:29:41,075 [Worker-49: Building] WARN  o.e.m.c.i.embedder.EclipseLogger - File encoding has not been set, using platform encoding Cp1252, i.e. build is platform dependent!
2021-01-14 11:29:41,082 [Worker-49: Building] WARN  o.e.m.c.i.embedder.EclipseLogger - Using platform encoding (Cp1252 actually) to copy filtered resources, i.e. build is platform dependent!
2021-01-14 11:29:41,084 [Worker-49: Building] INFO  o.e.m.c.i.embedder.EclipseLogger - Copying 8 resources
2021-01-14 11:29:41,114 [Worker-49: Building] WARN  o.e.m.c.i.embedder.EclipseLogger - Using platform encoding (Cp1252 actually) to copy filtered resources, i.e. build is platform dependent!
2021-01-14 11:29:41,115 [Worker-49: Building] INFO  o.e.m.c.i.embedder.EclipseLogger - skip non existing resourceDirectory C:\Users\paone\eclipse-workspace\E2EProjectCucumber\E2EProjectCucumber\src\test\resources
2021-01-14 11:34:01,570 [Worker-46: Building] WARN  o.e.m.c.i.embedder.EclipseLogger - File encoding has not been set, using platform encoding Cp1252, i.e. build is platform dependent!
2021-01-14 11:34:01,571 [Worker-46: Building] WARN  o.e.m.c.i.embedder.EclipseLogger - Using platform encoding (Cp1252 actually) to copy filtered resources, i.e. build is platform dependent!
2021-01-14 11:34:01,573 [Worker-46: Building] INFO  o.e.m.c.i.embedder.EclipseLogger - Copying 8 resources
2021-01-14 11:34:01,584 [Worker-46: Building] WARN  o.e.m.c.i.embedder.EclipseLogger - Using platform encoding (Cp1252 actually) to copy filtered resources, i.e. build is platform dependent!
2021-01-14 11:34:01,585 [Worker-46: Building] INFO  o.e.m.c.i.embedder.EclipseLogger - skip non existing resourceDirectory C:\Users\paone\eclipse-workspace\E2EProjectCucumber\E2EProjectCucumber\src\test\resources
2021-01-14 11:34:35,664 [Worker-53: Building] WARN  o.e.m.c.i.embedder.EclipseLogger - File encoding has not been set, using platform encoding Cp1252, i.e. build is platform dependent!
2021-01-14 11:34:35,665 [Worker-53: Building] WARN  o.e.m.c.i.embedder.EclipseLogger - Using platform encoding (Cp1252 actually) to copy filtered resources, i.e. build is platform dependent!
2021-01-14 11:34:35,667 [Worker-53: Building] INFO  o.e.m.c.i.embedder.EclipseLogger - Copying 8 resources
2021-01-14 11:34:35,672 [Worker-53: Building] WARN  o.e.m.c.i.embedder.EclipseLogger - Using platform encoding (Cp1252 actually) to copy filtered resources, i.e. build is platform dependent!
2021-01-14 11:34:35,673 [Worker-53: Building] INFO  o.e.m.c.i.embedder.EclipseLogger - skip non existing resourceDirectory C:\Users\paone\eclipse-workspace\E2EProjectCucumber\E2EProjectCucumber\src\test\resources
2021-01-14 11:35:05,756 [Worker-53: Building] WARN  o.e.m.c.i.embedder.EclipseLogger - File encoding has not been set, using platform encoding Cp1252, i.e. build is platform dependent!
2021-01-14 11:35:05,757 [Worker-53: Building] WARN  o.e.m.c.i.embedder.EclipseLogger - Using platform encoding (Cp1252 actually) to copy filtered resources, i.e. build is platform dependent!
2021-01-14 11:35:05,759 [Worker-53: Building] INFO  o.e.m.c.i.embedder.EclipseLogger - Copying 8 resources
2021-01-14 11:35:05,766 [Worker-53: Building] WARN  o.e.m.c.i.embedder.EclipseLogger - Using platform encoding (Cp1252 actually) to copy filtered resources, i.e. build is platform dependent!
2021-01-14 11:35:05,767 [Worker-53: Building] INFO  o.e.m.c.i.embedder.EclipseLogger - skip non existing resourceDirectory C:\Users\paone\eclipse-workspace\E2EProjectCucumber\E2EProjectCucumber\src\test\resources
2021-01-14 11:35:16,061 [Worker-46: Building] WARN  o.e.m.c.i.embedder.EclipseLogger - File encoding has not been set, using platform encoding Cp1252, i.e. build is platform dependent!
2021-01-14 11:35:16,063 [Worker-46: Building] WARN  o.e.m.c.i.embedder.EclipseLogger - Using platform encoding (Cp1252 actually) to copy filtered resources, i.e. build is platform dependent!
2021-01-14 11:35:16,066 [Worker-46: Building] INFO  o.e.m.c.i.embedder.EclipseLogger - Copying 8 resources
2021-01-14 11:35:16,078 [Worker-46: Building] WARN  o.e.m.c.i.embedder.EclipseLogger - Using platform encoding (Cp1252 actually) to copy filtered resources, i.e. build is platform dependent!
2021-01-14 11:35:16,079 [Worker-46: Building] INFO  o.e.m.c.i.embedder.EclipseLogger - skip non existing resourceDirectory C:\Users\paone\eclipse-workspace\E2EProjectCucumber\E2EProjectCucumber\src\test\resources
2021-01-14 11:37:08,040 [Worker-49: Building] WARN  o.e.m.c.i.embedder.EclipseLogger - File encoding has not been set, using platform encoding Cp1252, i.e. build is platform dependent!
2021-01-14 11:37:08,041 [Worker-49: Building] WARN  o.e.m.c.i.embedder.EclipseLogger - Using platform encoding (Cp1252 actually) to copy filtered resources, i.e. build is platform dependent!
2021-01-14 11:37:08,043 [Worker-49: Building] INFO  o.e.m.c.i.embedder.EclipseLogger - Copying 8 resources
2021-01-14 11:37:08,052 [Worker-49: Building] WARN  o.e.m.c.i.embedder.EclipseLogger - Using platform encoding (Cp1252 actually) to copy filtered resources, i.e. build is platform dependent!
2021-01-14 11:37:08,053 [Worker-49: Building] INFO  o.e.m.c.i.embedder.EclipseLogger - skip non existing resourceDirectory C:\Users\paone\eclipse-workspace\E2EProjectCucumber\E2EProjectCucumber\src\test\resources
2021-01-14 11:37:28,540 [Worker-49: Building] WARN  o.e.m.c.i.embedder.EclipseLogger - File encoding has not been set, using platform encoding Cp1252, i.e. build is platform dependent!
2021-01-14 11:37:28,541 [Worker-49: Building] WARN  o.e.m.c.i.embedder.EclipseLogger - Using platform encoding (Cp1252 actually) to copy filtered resources, i.e. build is platform dependent!
2021-01-14 11:37:28,542 [Worker-49: Building] INFO  o.e.m.c.i.embedder.EclipseLogger - Copying 0 resource
2021-01-14 11:37:28,543 [Worker-49: Building] WARN  o.e.m.c.i.embedder.EclipseLogger - Using platform encoding (Cp1252 actually) to copy filtered resources, i.e. build is platform dependent!
2021-01-14 11:37:28,544 [Worker-49: Building] INFO  o.e.m.c.i.embedder.EclipseLogger - skip non existing resourceDirectory C:\Users\paone\eclipse-workspace\E2EProjectCucumber\E2EProjectCucumber\src\test\resources
2021-01-14 11:38:24,413 [Worker-49: Building] WARN  o.e.m.c.i.embedder.EclipseLogger - File encoding has not been set, using platform encoding Cp1252, i.e. build is platform dependent!
2021-01-14 11:38:24,414 [Worker-49: Building] WARN  o.e.m.c.i.embedder.EclipseLogger - Using platform encoding (Cp1252 actually) to copy filtered resources, i.e. build is platform dependent!
2021-01-14 11:38:24,415 [Worker-49: Building] INFO  o.e.m.c.i.embedder.EclipseLogger - Copying 0 resource
2021-01-14 11:38:24,417 [Worker-49: Building] WARN  o.e.m.c.i.embedder.EclipseLogger - Using platform encoding (Cp1252 actually) to copy filtered resources, i.e. build is platform dependent!
2021-01-14 11:38:24,417 [Worker-49: Building] INFO  o.e.m.c.i.embedder.EclipseLogger - skip non existing resourceDirectory C:\Users\paone\eclipse-workspace\E2EProjectCucumber\E2EProjectCucumber\src\test\resources
2021-01-14 11:39:13,656 [Worker-48: Building] WARN  o.e.m.c.i.embedder.EclipseLogger - File encoding has not been set, using platform encoding Cp1252, i.e. build is platform dependent!
2021-01-14 11:39:13,657 [Worker-48: Building] WARN  o.e.m.c.i.embedder.EclipseLogger - Using platform encoding (Cp1252 actually) to copy filtered resources, i.e. build is platform dependent!
2021-01-14 11:39:13,657 [Worker-48: Building] INFO  o.e.m.c.i.embedder.EclipseLogger - Copying 0 resource
2021-01-14 11:39:13,658 [Worker-48: Building] WARN  o.e.m.c.i.embedder.EclipseLogger - Using platform encoding (Cp1252 actually) to copy filtered resources, i.e. build is platform dependent!
2021-01-14 11:39:13,659 [Worker-48: Building] INFO  o.e.m.c.i.embedder.EclipseLogger - skip non existing resourceDirectory C:\Users\paone\eclipse-workspace\E2EProjectCucumber\E2EProjectCucumber\src\test\resources
2021-01-14 11:40:16,093 [Worker-57: Building] WARN  o.e.m.c.i.embedder.EclipseLogger - File encoding has not been set, using platform encoding Cp1252, i.e. build is platform dependent!
2021-01-14 11:40:16,094 [Worker-57: Building] WARN  o.e.m.c.i.embedder.EclipseLogger - Using platform encoding (Cp1252 actually) to copy filtered resources, i.e. build is platform dependent!
2021-01-14 11:40:16,095 [Worker-57: Building] INFO  o.e.m.c.i.embedder.EclipseLogger - Copying 0 resource
2021-01-14 11:40:16,096 [Worker-57: Building] WARN  o.e.m.c.i.embedder.EclipseLogger - Using platform encoding (Cp1252 actually) to copy filtered resources, i.e. build is platform dependent!
2021-01-14 11:40:16,097 [Worker-57: Building] INFO  o.e.m.c.i.embedder.EclipseLogger - skip non existing resourceDirectory C:\Users\paone\eclipse-workspace\E2EProjectCucumber\E2EProjectCucumber\src\test\resources
2021-01-14 11:41:01,608 [Worker-49: Building] WARN  o.e.m.c.i.embedder.EclipseLogger - File encoding has not been set, using platform encoding Cp1252, i.e. build is platform dependent!
2021-01-14 11:41:01,610 [Worker-49: Building] WARN  o.e.m.c.i.embedder.EclipseLogger - Using platform encoding (Cp1252 actually) to copy filtered resources, i.e. build is platform dependent!
2021-01-14 11:41:01,611 [Worker-49: Building] INFO  o.e.m.c.i.embedder.EclipseLogger - Copying 0 resource
2021-01-14 11:41:01,612 [Worker-49: Building] WARN  o.e.m.c.i.embedder.EclipseLogger - Using platform encoding (Cp1252 actually) to copy filtered resources, i.e. build is platform dependent!
2021-01-14 11:41:01,613 [Worker-49: Building] INFO  o.e.m.c.i.embedder.EclipseLogger - skip non existing resourceDirectory C:\Users\paone\eclipse-workspace\E2EProjectCucumber\E2EProjectCucumber\src\test\resources
2021-01-14 11:41:40,120 [Worker-57: Building] WARN  o.e.m.c.i.embedder.EclipseLogger - File encoding has not been set, using platform encoding Cp1252, i.e. build is platform dependent!
2021-01-14 11:41:40,121 [Worker-57: Building] WARN  o.e.m.c.i.embedder.EclipseLogger - Using platform encoding (Cp1252 actually) to copy filtered resources, i.e. build is platform dependent!
2021-01-14 11:41:40,124 [Worker-57: Building] INFO  o.e.m.c.i.embedder.EclipseLogger - Copying 8 resources
2021-01-14 11:41:40,130 [Worker-57: Building] WARN  o.e.m.c.i.embedder.EclipseLogger - Using platform encoding (Cp1252 actually) to copy filtered resources, i.e. build is platform dependent!
2021-01-14 11:41:40,131 [Worker-57: Building] INFO  o.e.m.c.i.embedder.EclipseLogger - skip non existing resourceDirectory C:\Users\paone\eclipse-workspace\E2EProjectCucumber\E2EProjectCucumber\src\test\resources
2021-01-14 11:42:28,147 [Worker-49: Building] WARN  o.e.m.c.i.embedder.EclipseLogger - File encoding has not been set, using platform encoding Cp1252, i.e. build is platform dependent!
2021-01-14 11:42:28,148 [Worker-49: Building] WARN  o.e.m.c.i.embedder.EclipseLogger - Using platform encoding (Cp1252 actually) to copy filtered resources, i.e. build is platform dependent!
2021-01-14 11:42:28,148 [Worker-49: Building] INFO  o.e.m.c.i.embedder.EclipseLogger - Copying 0 resource
2021-01-14 11:42:28,149 [Worker-49: Building] WARN  o.e.m.c.i.embedder.EclipseLogger - Using platform encoding (Cp1252 actually) to copy filtered resources, i.e. build is platform dependent!
2021-01-14 11:42:28,150 [Worker-49: Building] INFO  o.e.m.c.i.embedder.EclipseLogger - skip non existing resourceDirectory C:\Users\paone\eclipse-workspace\E2EProjectCucumber\E2EProjectCucumber\src\test\resources
2021-01-14 11:43:33,974 [Worker-59: Building] WARN  o.e.m.c.i.embedder.EclipseLogger - File encoding has not been set, using platform encoding Cp1252, i.e. build is platform dependent!
2021-01-14 11:43:33,975 [Worker-59: Building] WARN  o.e.m.c.i.embedder.EclipseLogger - Using platform encoding (Cp1252 actually) to copy filtered resources, i.e. build is platform dependent!
2021-01-14 11:43:33,976 [Worker-59: Building] INFO  o.e.m.c.i.embedder.EclipseLogger - Copying 0 resource
2021-01-14 11:43:33,976 [Worker-59: Building] WARN  o.e.m.c.i.embedder.EclipseLogger - Using platform encoding (Cp1252 actually) to copy filtered resources, i.e. build is platform dependent!
2021-01-14 11:43:33,977 [Worker-59: Building] INFO  o.e.m.c.i.embedder.EclipseLogger - skip non existing resourceDirectory C:\Users\paone\eclipse-workspace\E2EProjectCucumber\E2EProjectCucumber\src\test\resources
2021-01-14 11:44:18,186 [Worker-56: Building] WARN  o.e.m.c.i.embedder.EclipseLogger - File encoding has not been set, using platform encoding Cp1252, i.e. build is platform dependent!
2021-01-14 11:44:18,188 [Worker-56: Building] WARN  o.e.m.c.i.embedder.EclipseLogger - Using platform encoding (Cp1252 actually) to copy filtered resources, i.e. build is platform dependent!
2021-01-14 11:44:18,189 [Worker-56: Building] INFO  o.e.m.c.i.embedder.EclipseLogger - Copying 0 resource
2021-01-14 11:44:18,190 [Worker-56: Building] WARN  o.e.m.c.i.embedder.EclipseLogger - Using platform encoding (Cp1252 actually) to copy filtered resources, i.e. build is platform dependent!
2021-01-14 11:44:18,191 [Worker-56: Building] INFO  o.e.m.c.i.embedder.EclipseLogger - skip non existing resourceDirectory C:\Users\paone\eclipse-workspace\E2EProjectCucumber\E2EProjectCucumber\src\test\resources
2021-01-14 11:46:27,835 [Worker-52: Building] WARN  o.e.m.c.i.embedder.EclipseLogger - File encoding has not been set, using platform encoding Cp1252, i.e. build is platform dependent!
2021-01-14 11:46:27,837 [Worker-52: Building] WARN  o.e.m.c.i.embedder.EclipseLogger - Using platform encoding (Cp1252 actually) to copy filtered resources, i.e. build is platform dependent!
2021-01-14 11:46:27,838 [Worker-52: Building] INFO  o.e.m.c.i.embedder.EclipseLogger - Copying 0 resource
2021-01-14 11:46:27,840 [Worker-52: Building] WARN  o.e.m.c.i.embedder.EclipseLogger - Using platform encoding (Cp1252 actually) to copy filtered resources, i.e. build is platform dependent!
2021-01-14 11:46:27,841 [Worker-52: Building] INFO  o.e.m.c.i.embedder.EclipseLogger - skip non existing resourceDirectory C:\Users\paone\eclipse-workspace\E2EProjectCucumber\E2EProjectCucumber\src\test\resources
2021-01-14 11:46:57,956 [Worker-52: Building] WARN  o.e.m.c.i.embedder.EclipseLogger - File encoding has not been set, using platform encoding Cp1252, i.e. build is platform dependent!
2021-01-14 11:46:57,957 [Worker-52: Building] WARN  o.e.m.c.i.embedder.EclipseLogger - Using platform encoding (Cp1252 actually) to copy filtered resources, i.e. build is platform dependent!
2021-01-14 11:46:57,959 [Worker-52: Building] INFO  o.e.m.c.i.embedder.EclipseLogger - Copying 8 resources
2021-01-14 11:46:57,968 [Worker-52: Building] WARN  o.e.m.c.i.embedder.EclipseLogger - Using platform encoding (Cp1252 actually) to copy filtered resources, i.e. build is platform dependent!
2021-01-14 11:46:57,969 [Worker-52: Building] INFO  o.e.m.c.i.embedder.EclipseLogger - skip non existing resourceDirectory C:\Users\paone\eclipse-workspace\E2EProjectCucumber\E2EProjectCucumber\src\test\resources
2021-01-14 11:47:03,520 [Worker-52: Building] WARN  o.e.m.c.i.embedder.EclipseLogger - File encoding has not been set, using platform encoding Cp1252, i.e. build is platform dependent!
2021-01-14 11:47:03,521 [Worker-52: Building] WARN  o.e.m.c.i.embedder.EclipseLogger - Using platform encoding (Cp1252 actually) to copy filtered resources, i.e. build is platform dependent!
2021-01-14 11:47:03,522 [Worker-52: Building] INFO  o.e.m.c.i.embedder.EclipseLogger - Copying 0 resource
2021-01-14 11:47:03,523 [Worker-52: Building] WARN  o.e.m.c.i.embedder.EclipseLogger - Using platform encoding (Cp1252 actually) to copy filtered resources, i.e. build is platform dependent!
2021-01-14 11:47:03,524 [Worker-52: Building] INFO  o.e.m.c.i.embedder.EclipseLogger - skip non existing resourceDirectory C:\Users\paone\eclipse-workspace\E2EProjectCucumber\E2EProjectCucumber\src\test\resources
2021-01-14 11:48:39,208 [Worker-60: Building] WARN  o.e.m.c.i.embedder.EclipseLogger - File encoding has not been set, using platform encoding Cp1252, i.e. build is platform dependent!
2021-01-14 11:48:39,209 [Worker-60: Building] WARN  o.e.m.c.i.embedder.EclipseLogger - Using platform encoding (Cp1252 actually) to copy filtered resources, i.e. build is platform dependent!
2021-01-14 11:48:39,210 [Worker-60: Building] INFO  o.e.m.c.i.embedder.EclipseLogger - Copying 0 resource
2021-01-14 11:48:39,211 [Worker-60: Building] WARN  o.e.m.c.i.embedder.EclipseLogger - Using platform encoding (Cp1252 actually) to copy filtered resources, i.e. build is platform dependent!
2021-01-14 11:48:39,212 [Worker-60: Building] INFO  o.e.m.c.i.embedder.EclipseLogger - skip non existing resourceDirectory C:\Users\paone\eclipse-workspace\E2EProjectCucumber\E2EProjectCucumber\src\test\resources
2021-01-14 11:54:27,268 [Worker-65: Building] WARN  o.e.m.c.i.embedder.EclipseLogger - File encoding has not been set, using platform encoding Cp1252, i.e. build is platform dependent!
2021-01-14 11:54:27,269 [Worker-65: Building] WARN  o.e.m.c.i.embedder.EclipseLogger - Using platform encoding (Cp1252 actually) to copy filtered resources, i.e. build is platform dependent!
2021-01-14 11:54:27,270 [Worker-65: Building] INFO  o.e.m.c.i.embedder.EclipseLogger - Copying 0 resource
2021-01-14 11:54:27,271 [Worker-65: Building] WARN  o.e.m.c.i.embedder.EclipseLogger - Using platform encoding (Cp1252 actually) to copy filtered resources, i.e. build is platform dependent!
2021-01-14 11:54:27,272 [Worker-65: Building] INFO  o.e.m.c.i.embedder.EclipseLogger - skip non existing resourceDirectory C:\Users\paone\eclipse-workspace\E2EProjectCucumber\E2EProjectCucumber\src\test\resources
2021-01-14 11:54:39,302 [Worker-64: Updating Maven Project] INFO  o.e.m.c.i.p.ProjectConfigurationManager - Update started
2021-01-14 11:54:39,662 [Worker-64: Updating Maven Project] INFO  o.e.m.c.i.l.LifecycleMappingFactory - Using org.eclipse.m2e.jdt.JarLifecycleMapping lifecycle mapping for MavenProject: Academy:E2EProject:1.0-SNAPSHOT @ C:\Users\paone\eclipse-workspace\E2EProjectCucumber\E2EProjectCucumber\pom.xml.
2021-01-14 11:54:40,711 [Worker-64: Updating Maven Project] INFO  o.e.m.j.i.AbstractJavaProjectConfigurator - Adding source folder /E2EProjectCucumber/src/main/java
2021-01-14 11:54:40,711 [Worker-64: Updating Maven Project] INFO  o.e.m.j.i.AbstractJavaProjectConfigurator - Resources folder /E2EProjectCucumber/src/main/java/resources overlaps with sources folder /E2EProjectCucumber/src/main/java
2021-01-14 11:54:40,712 [Worker-64: Updating Maven Project] INFO  o.e.m.j.i.AbstractJavaProjectConfigurator - Adding source folder /E2EProjectCucumber/src/test/java
2021-01-14 11:54:40,951 [Worker-64: Updating Maven Project] INFO  o.e.m.c.i.p.ProjectConfigurationManager - Update completed: 1 sec
2021-01-14 11:54:42,273 [Worker-69: Building] WARN  o.e.m.c.i.embedder.EclipseLogger - File encoding has not been set, using platform encoding Cp1252, i.e. build is platform dependent!
2021-01-14 11:54:42,280 [Worker-69: Building] WARN  o.e.m.c.i.embedder.EclipseLogger - Using platform encoding (Cp1252 actually) to copy filtered resources, i.e. build is platform dependent!
2021-01-14 11:54:42,281 [Worker-69: Building] INFO  o.e.m.c.i.embedder.EclipseLogger - Copying 8 resources
2021-01-14 11:54:42,307 [Worker-69: Building] WARN  o.e.m.c.i.embedder.EclipseLogger - Using platform encoding (Cp1252 actually) to copy filtered resources, i.e. build is platform dependent!
2021-01-14 11:54:42,308 [Worker-69: Building] INFO  o.e.m.c.i.embedder.EclipseLogger - skip non existing resourceDirectory C:\Users\paone\eclipse-workspace\E2EProjectCucumber\E2EProjectCucumber\src\test\resources
2021-01-14 11:55:04,986 [Worker-64: Building] WARN  o.e.m.c.i.embedder.EclipseLogger - File encoding has not been set, using platform encoding Cp1252, i.e. build is platform dependent!
2021-01-14 11:55:04,987 [Worker-64: Building] WARN  o.e.m.c.i.embedder.EclipseLogger - Using platform encoding (Cp1252 actually) to copy filtered resources, i.e. build is platform dependent!
2021-01-14 11:55:04,990 [Worker-64: Building] INFO  o.e.m.c.i.embedder.EclipseLogger - Copying 8 resources
2021-01-14 11:55:05,004 [Worker-64: Building] WARN  o.e.m.c.i.embedder.EclipseLogger - Using platform encoding (Cp1252 actually) to copy filtered resources, i.e. build is platform dependent!
2021-01-14 11:55:05,006 [Worker-64: Building] INFO  o.e.m.c.i.embedder.EclipseLogger - skip non existing resourceDirectory C:\Users\paone\eclipse-workspace\E2EProjectCucumber\E2EProjectCucumber\src\test\resources
2021-01-14 11:57:41,559 [Worker-79: Building] WARN  o.e.m.c.i.embedder.EclipseLogger - File encoding has not been set, using platform encoding Cp1252, i.e. build is platform dependent!
2021-01-14 11:57:41,560 [Worker-79: Building] WARN  o.e.m.c.i.embedder.EclipseLogger - Using platform encoding (Cp1252 actually) to copy filtered resources, i.e. build is platform dependent!
2021-01-14 11:57:41,562 [Worker-79: Building] INFO  o.e.m.c.i.embedder.EclipseLogger - Copying 0 resource
2021-01-14 11:57:41,563 [Worker-79: Building] WARN  o.e.m.c.i.embedder.EclipseLogger - Using platform encoding (Cp1252 actually) to copy filtered resources, i.e. build is platform dependent!
2021-01-14 11:57:41,564 [Worker-79: Building] INFO  o.e.m.c.i.embedder.EclipseLogger - skip non existing resourceDirectory C:\Users\paone\eclipse-workspace\E2EProjectCucumber\E2EProjectCucumber\src\test\resources
2021-01-14 11:58:38,879 [Worker-66: Building] WARN  o.e.m.c.i.embedder.EclipseLogger - File encoding has not been set, using platform encoding Cp1252, i.e. build is platform dependent!
2021-01-14 11:58:38,881 [Worker-66: Building] WARN  o.e.m.c.i.embedder.EclipseLogger - Using platform encoding (Cp1252 actually) to copy filtered resources, i.e. build is platform dependent!
2021-01-14 11:58:38,882 [Worker-66: Building] INFO  o.e.m.c.i.embedder.EclipseLogger - Copying 0 resource
2021-01-14 11:58:38,883 [Worker-66: Building] WARN  o.e.m.c.i.embedder.EclipseLogger - Using platform encoding (Cp1252 actually) to copy filtered resources, i.e. build is platform dependent!
2021-01-14 11:58:38,884 [Worker-66: Building] INFO  o.e.m.c.i.embedder.EclipseLogger - skip non existing resourceDirectory C:\Users\paone\eclipse-workspace\E2EProjectCucumber\E2EProjectCucumber\src\test\resources
2021-01-14 11:58:56,028 [Worker-68: Building] WARN  o.e.m.c.i.embedder.EclipseLogger - File encoding has not been set, using platform encoding Cp1252, i.e. build is platform dependent!
2021-01-14 11:58:56,029 [Worker-68: Building] WARN  o.e.m.c.i.embedder.EclipseLogger - Using platform encoding (Cp1252 actually) to copy filtered resources, i.e. build is platform dependent!
2021-01-14 11:58:56,030 [Worker-68: Building] INFO  o.e.m.c.i.embedder.EclipseLogger - Copying 0 resource
2021-01-14 11:58:56,031 [Worker-68: Building] WARN  o.e.m.c.i.embedder.EclipseLogger - Using platform encoding (Cp1252 actually) to copy filtered resources, i.e. build is platform dependent!
2021-01-14 11:58:56,032 [Worker-68: Building] INFO  o.e.m.c.i.embedder.EclipseLogger - skip non existing resourceDirectory C:\Users\paone\eclipse-workspace\E2EProjectCucumber\E2EProjectCucumber\src\test\resources
2021-01-14 11:59:30,905 [Worker-79: Building] WARN  o.e.m.c.i.embedder.EclipseLogger - File encoding has not been set, using platform encoding Cp1252, i.e. build is platform dependent!
2021-01-14 11:59:30,906 [Worker-79: Building] WARN  o.e.m.c.i.embedder.EclipseLogger - Using platform encoding (Cp1252 actually) to copy filtered resources, i.e. build is platform dependent!
2021-01-14 11:59:30,908 [Worker-79: Building] INFO  o.e.m.c.i.embedder.EclipseLogger - Copying 0 resource
2021-01-14 11:59:30,909 [Worker-79: Building] WARN  o.e.m.c.i.embedder.EclipseLogger - Using platform encoding (Cp1252 actually) to copy filtered resources, i.e. build is platform dependent!
2021-01-14 11:59:30,910 [Worker-79: Building] INFO  o.e.m.c.i.embedder.EclipseLogger - skip non existing resourceDirectory C:\Users\paone\eclipse-workspace\E2EProjectCucumber\E2EProjectCucumber\src\test\resources
2021-01-14 12:00:20,118 [Worker-68: Building] WARN  o.e.m.c.i.embedder.EclipseLogger - File encoding has not been set, using platform encoding Cp1252, i.e. build is platform dependent!
2021-01-14 12:00:20,120 [Worker-68: Building] WARN  o.e.m.c.i.embedder.EclipseLogger - Using platform encoding (Cp1252 actually) to copy filtered resources, i.e. build is platform dependent!
2021-01-14 12:00:20,121 [Worker-68: Building] INFO  o.e.m.c.i.embedder.EclipseLogger - Copying 0 resource
2021-01-14 12:00:20,122 [Worker-68: Building] WARN  o.e.m.c.i.embedder.EclipseLogger - Using platform encoding (Cp1252 actually) to copy filtered resources, i.e. build is platform dependent!
2021-01-14 12:00:20,123 [Worker-68: Building] INFO  o.e.m.c.i.embedder.EclipseLogger - skip non existing resourceDirectory C:\Users\paone\eclipse-workspace\E2EProjectCucumber\E2EProjectCucumber\src\test\resources
2021-01-14 12:01:05,642 [Worker-79: Building] WARN  o.e.m.c.i.embedder.EclipseLogger - File encoding has not been set, using platform encoding Cp1252, i.e. build is platform dependent!
2021-01-14 12:01:05,643 [Worker-79: Building] WARN  o.e.m.c.i.embedder.EclipseLogger - Using platform encoding (Cp1252 actually) to copy filtered resources, i.e. build is platform dependent!
2021-01-14 12:01:05,644 [Worker-79: Building] INFO  o.e.m.c.i.embedder.EclipseLogger - Copying 0 resource
2021-01-14 12:01:05,646 [Worker-79: Building] WARN  o.e.m.c.i.embedder.EclipseLogger - Using platform encoding (Cp1252 actually) to copy filtered resources, i.e. build is platform dependent!
2021-01-14 12:01:05,647 [Worker-79: Building] INFO  o.e.m.c.i.embedder.EclipseLogger - skip non existing resourceDirectory C:\Users\paone\eclipse-workspace\E2EProjectCucumber\E2EProjectCucumber\src\test\resources
2021-01-14 12:01:31,749 [Worker-79: Building] WARN  o.e.m.c.i.embedder.EclipseLogger - File encoding has not been set, using platform encoding Cp1252, i.e. build is platform dependent!
2021-01-14 12:01:31,751 [Worker-79: Building] WARN  o.e.m.c.i.embedder.EclipseLogger - Using platform encoding (Cp1252 actually) to copy filtered resources, i.e. build is platform dependent!
2021-01-14 12:01:31,753 [Worker-79: Building] INFO  o.e.m.c.i.embedder.EclipseLogger - Copying 0 resource
2021-01-14 12:01:31,755 [Worker-79: Building] WARN  o.e.m.c.i.embedder.EclipseLogger - Using platform encoding (Cp1252 actually) to copy filtered resources, i.e. build is platform dependent!
2021-01-14 12:01:31,756 [Worker-79: Building] INFO  o.e.m.c.i.embedder.EclipseLogger - skip non existing resourceDirectory C:\Users\paone\eclipse-workspace\E2EProjectCucumber\E2EProjectCucumber\src\test\resources
2021-01-14 12:02:01,745 [Worker-66: Building] WARN  o.e.m.c.i.embedder.EclipseLogger - File encoding has not been set, using platform encoding Cp1252, i.e. build is platform dependent!
2021-01-14 12:02:01,747 [Worker-66: Building] WARN  o.e.m.c.i.embedder.EclipseLogger - Using platform encoding (Cp1252 actually) to copy filtered resources, i.e. build is platform dependent!
2021-01-14 12:02:01,749 [Worker-66: Building] INFO  o.e.m.c.i.embedder.EclipseLogger - Copying 0 resource
2021-01-14 12:02:01,750 [Worker-66: Building] WARN  o.e.m.c.i.embedder.EclipseLogger - Using platform encoding (Cp1252 actually) to copy filtered resources, i.e. build is platform dependent!
2021-01-14 12:02:01,751 [Worker-66: Building] INFO  o.e.m.c.i.embedder.EclipseLogger - skip non existing resourceDirectory C:\Users\paone\eclipse-workspace\E2EProjectCucumber\E2EProjectCucumber\src\test\resources
2021-01-14 12:02:21,595 [Worker-80: Building] WARN  o.e.m.c.i.embedder.EclipseLogger - File encoding has not been set, using platform encoding Cp1252, i.e. build is platform dependent!
2021-01-14 12:02:21,597 [Worker-80: Building] WARN  o.e.m.c.i.embedder.EclipseLogger - Using platform encoding (Cp1252 actually) to copy filtered resources, i.e. build is platform dependent!
2021-01-14 12:02:21,598 [Worker-80: Building] INFO  o.e.m.c.i.embedder.EclipseLogger - Copying 0 resource
2021-01-14 12:02:21,599 [Worker-80: Building] WARN  o.e.m.c.i.embedder.EclipseLogger - Using platform encoding (Cp1252 actually) to copy filtered resources, i.e. build is platform dependent!
2021-01-14 12:02:21,600 [Worker-80: Building] INFO  o.e.m.c.i.embedder.EclipseLogger - skip non existing resourceDirectory C:\Users\paone\eclipse-workspace\E2EProjectCucumber\E2EProjectCucumber\src\test\resources
2021-01-14 12:02:49,954 [Worker-80: Building] WARN  o.e.m.c.i.embedder.EclipseLogger - File encoding has not been set, using platform encoding Cp1252, i.e. build is platform dependent!
2021-01-14 12:02:49,955 [Worker-80: Building] WARN  o.e.m.c.i.embedder.EclipseLogger - Using platform encoding (Cp1252 actually) to copy filtered resources, i.e. build is platform dependent!
2021-01-14 12:02:49,955 [Worker-80: Building] INFO  o.e.m.c.i.embedder.EclipseLogger - Copying 0 resource
2021-01-14 12:02:49,956 [Worker-80: Building] WARN  o.e.m.c.i.embedder.EclipseLogger - Using platform encoding (Cp1252 actually) to copy filtered resources, i.e. build is platform dependent!
2021-01-14 12:02:49,957 [Worker-80: Building] INFO  o.e.m.c.i.embedder.EclipseLogger - skip non existing resourceDirectory C:\Users\paone\eclipse-workspace\E2EProjectCucumber\E2EProjectCucumber\src\test\resources
2021-01-14 12:03:30,407 [Worker-66: Building] WARN  o.e.m.c.i.embedder.EclipseLogger - File encoding has not been set, using platform encoding Cp1252, i.e. build is platform dependent!
2021-01-14 12:03:30,408 [Worker-66: Building] WARN  o.e.m.c.i.embedder.EclipseLogger - Using platform encoding (Cp1252 actually) to copy filtered resources, i.e. build is platform dependent!
2021-01-14 12:03:30,409 [Worker-66: Building] INFO  o.e.m.c.i.embedder.EclipseLogger - Copying 0 resource
2021-01-14 12:03:30,409 [Worker-66: Building] WARN  o.e.m.c.i.embedder.EclipseLogger - Using platform encoding (Cp1252 actually) to copy filtered resources, i.e. build is platform dependent!
2021-01-14 12:03:30,410 [Worker-66: Building] INFO  o.e.m.c.i.embedder.EclipseLogger - skip non existing resourceDirectory C:\Users\paone\eclipse-workspace\E2EProjectCucumber\E2EProjectCucumber\src\test\resources
2021-01-14 12:03:46,266 [Worker-68: Building] WARN  o.e.m.c.i.embedder.EclipseLogger - File encoding has not been set, using platform encoding Cp1252, i.e. build is platform dependent!
2021-01-14 12:03:46,267 [Worker-68: Building] WARN  o.e.m.c.i.embedder.EclipseLogger - Using platform encoding (Cp1252 actually) to copy filtered resources, i.e. build is platform dependent!
2021-01-14 12:03:46,268 [Worker-68: Building] INFO  o.e.m.c.i.embedder.EclipseLogger - Copying 0 resource
2021-01-14 12:03:46,268 [Worker-68: Building] WARN  o.e.m.c.i.embedder.EclipseLogger - Using platform encoding (Cp1252 actually) to copy filtered resources, i.e. build is platform dependent!
2021-01-14 12:03:46,269 [Worker-68: Building] INFO  o.e.m.c.i.embedder.EclipseLogger - skip non existing resourceDirectory C:\Users\paone\eclipse-workspace\E2EProjectCucumber\E2EProjectCucumber\src\test\resources
2021-01-14 12:05:02,391 [Worker-68: Building] WARN  o.e.m.c.i.embedder.EclipseLogger - File encoding has not been set, using platform encoding Cp1252, i.e. build is platform dependent!
2021-01-14 12:05:02,392 [Worker-68: Building] WARN  o.e.m.c.i.embedder.EclipseLogger - Using platform encoding (Cp1252 actually) to copy filtered resources, i.e. build is platform dependent!
2021-01-14 12:05:02,393 [Worker-68: Building] INFO  o.e.m.c.i.embedder.EclipseLogger - Copying 0 resource
2021-01-14 12:05:02,393 [Worker-68: Building] WARN  o.e.m.c.i.embedder.EclipseLogger - Using platform encoding (Cp1252 actually) to copy filtered resources, i.e. build is platform dependent!
2021-01-14 12:05:02,394 [Worker-68: Building] INFO  o.e.m.c.i.embedder.EclipseLogger - skip non existing resourceDirectory C:\Users\paone\eclipse-workspace\E2EProjectCucumber\E2EProjectCucumber\src\test\resources
2021-01-14 12:07:18,105 [Worker-82: Building] WARN  o.e.m.c.i.embedder.EclipseLogger - File encoding has not been set, using platform encoding Cp1252, i.e. build is platform dependent!
2021-01-14 12:07:18,106 [Worker-82: Building] WARN  o.e.m.c.i.embedder.EclipseLogger - Using platform encoding (Cp1252 actually) to copy filtered resources, i.e. build is platform dependent!
2021-01-14 12:07:18,108 [Worker-82: Building] INFO  o.e.m.c.i.embedder.EclipseLogger - Copying 0 resource
2021-01-14 12:07:18,109 [Worker-82: Building] WARN  o.e.m.c.i.embedder.EclipseLogger - Using platform encoding (Cp1252 actually) to copy filtered resources, i.e. build is platform dependent!
2021-01-14 12:07:18,110 [Worker-82: Building] INFO  o.e.m.c.i.embedder.EclipseLogger - skip non existing resourceDirectory C:\Users\paone\eclipse-workspace\E2EProjectCucumber\E2EProjectCucumber\src\test\resources
2021-01-14 12:26:52,204 [Worker-88: Building] WARN  o.e.m.c.i.embedder.EclipseLogger - File encoding has not been set, using platform encoding Cp1252, i.e. build is platform dependent!
2021-01-14 12:26:52,206 [Worker-88: Building] WARN  o.e.m.c.i.embedder.EclipseLogger - Using platform encoding (Cp1252 actually) to copy filtered resources, i.e. build is platform dependent!
2021-01-14 12:26:52,207 [Worker-88: Building] INFO  o.e.m.c.i.embedder.EclipseLogger - Copying 0 resource
2021-01-14 12:26:52,208 [Worker-88: Building] WARN  o.e.m.c.i.embedder.EclipseLogger - Using platform encoding (Cp1252 actually) to copy filtered resources, i.e. build is platform dependent!
2021-01-14 12:26:52,209 [Worker-88: Building] INFO  o.e.m.c.i.embedder.EclipseLogger - skip non existing resourceDirectory C:\Users\paone\eclipse-workspace\E2EProjectCucumber\E2EProjectCucumber\src\test\resources
2021-01-14 12:28:03,861 [Worker-86: Building] WARN  o.e.m.c.i.embedder.EclipseLogger - File encoding has not been set, using platform encoding Cp1252, i.e. build is platform dependent!
2021-01-14 12:28:03,861 [Worker-86: Building] WARN  o.e.m.c.i.embedder.EclipseLogger - Using platform encoding (Cp1252 actually) to copy filtered resources, i.e. build is platform dependent!
2021-01-14 12:28:03,862 [Worker-86: Building] INFO  o.e.m.c.i.embedder.EclipseLogger - Copying 0 resource
2021-01-14 12:28:03,863 [Worker-86: Building] WARN  o.e.m.c.i.embedder.EclipseLogger - Using platform encoding (Cp1252 actually) to copy filtered resources, i.e. build is platform dependent!
2021-01-14 12:28:03,864 [Worker-86: Building] INFO  o.e.m.c.i.embedder.EclipseLogger - skip non existing resourceDirectory C:\Users\paone\eclipse-workspace\E2EProjectCucumber\E2EProjectCucumber\src\test\resources
2021-01-14 12:31:05,232 [Worker-86: Building] WARN  o.e.m.c.i.embedder.EclipseLogger - File encoding has not been set, using platform encoding Cp1252, i.e. build is platform dependent!
2021-01-14 12:31:05,233 [Worker-86: Building] WARN  o.e.m.c.i.embedder.EclipseLogger - Using platform encoding (Cp1252 actually) to copy filtered resources, i.e. build is platform dependent!
2021-01-14 12:31:05,234 [Worker-86: Building] INFO  o.e.m.c.i.embedder.EclipseLogger - Copying 0 resource
2021-01-14 12:31:05,235 [Worker-86: Building] WARN  o.e.m.c.i.embedder.EclipseLogger - Using platform encoding (Cp1252 actually) to copy filtered resources, i.e. build is platform dependent!
2021-01-14 12:31:05,235 [Worker-86: Building] INFO  o.e.m.c.i.embedder.EclipseLogger - skip non existing resourceDirectory C:\Users\paone\eclipse-workspace\E2EProjectCucumber\E2EProjectCucumber\src\test\resources
2021-01-14 12:35:10,582 [Worker-89: Building] WARN  o.e.m.c.i.embedder.EclipseLogger - File encoding has not been set, using platform encoding Cp1252, i.e. build is platform dependent!
2021-01-14 12:35:10,583 [Worker-89: Building] WARN  o.e.m.c.i.embedder.EclipseLogger - Using platform encoding (Cp1252 actually) to copy filtered resources, i.e. build is platform dependent!
2021-01-14 12:35:10,583 [Worker-89: Building] INFO  o.e.m.c.i.embedder.EclipseLogger - Copying 0 resource
2021-01-14 12:35:10,584 [Worker-89: Building] WARN  o.e.m.c.i.embedder.EclipseLogger - Using platform encoding (Cp1252 actually) to copy filtered resources, i.e. build is platform dependent!
2021-01-14 12:35:10,585 [Worker-89: Building] INFO  o.e.m.c.i.embedder.EclipseLogger - skip non existing resourceDirectory C:\Users\paone\eclipse-workspace\E2EProjectCucumber\E2EProjectCucumber\src\test\resources
2021-01-14 12:37:56,020 [Worker-93: Building] WARN  o.e.m.c.i.embedder.EclipseLogger - File encoding has not been set, using platform encoding Cp1252, i.e. build is platform dependent!
2021-01-14 12:37:56,021 [Worker-93: Building] WARN  o.e.m.c.i.embedder.EclipseLogger - Using platform encoding (Cp1252 actually) to copy filtered resources, i.e. build is platform dependent!
2021-01-14 12:37:56,023 [Worker-93: Building] INFO  o.e.m.c.i.embedder.EclipseLogger - Copying 0 resource
2021-01-14 12:37:56,025 [Worker-93: Building] WARN  o.e.m.c.i.embedder.EclipseLogger - Using platform encoding (Cp1252 actually) to copy filtered resources, i.e. build is platform dependent!
2021-01-14 12:37:56,026 [Worker-93: Building] INFO  o.e.m.c.i.embedder.EclipseLogger - skip non existing resourceDirectory C:\Users\paone\eclipse-workspace\E2EProjectCucumber\E2EProjectCucumber\src\test\resources
2021-01-14 12:38:22,174 [Worker-97: Building] WARN  o.e.m.c.i.embedder.EclipseLogger - File encoding has not been set, using platform encoding Cp1252, i.e. build is platform dependent!
2021-01-14 12:38:22,176 [Worker-97: Building] WARN  o.e.m.c.i.embedder.EclipseLogger - Using platform encoding (Cp1252 actually) to copy filtered resources, i.e. build is platform dependent!
2021-01-14 12:38:22,177 [Worker-97: Building] INFO  o.e.m.c.i.embedder.EclipseLogger - Copying 0 resource
2021-01-14 12:38:22,177 [Worker-97: Building] WARN  o.e.m.c.i.embedder.EclipseLogger - Using platform encoding (Cp1252 actually) to copy filtered resources, i.e. build is platform dependent!
2021-01-14 12:38:22,178 [Worker-97: Building] INFO  o.e.m.c.i.embedder.EclipseLogger - skip non existing resourceDirectory C:\Users\paone\eclipse-workspace\E2EProjectCucumber\E2EProjectCucumber\src\test\resources
2021-01-14 12:38:34,725 [Worker-93: Building] WARN  o.e.m.c.i.embedder.EclipseLogger - File encoding has not been set, using platform encoding Cp1252, i.e. build is platform dependent!
2021-01-14 12:38:34,726 [Worker-93: Building] WARN  o.e.m.c.i.embedder.EclipseLogger - Using platform encoding (Cp1252 actually) to copy filtered resources, i.e. build is platform dependent!
2021-01-14 12:38:34,727 [Worker-93: Building] INFO  o.e.m.c.i.embedder.EclipseLogger - Copying 8 resources
2021-01-14 12:38:34,742 [Worker-93: Building] WARN  o.e.m.c.i.embedder.EclipseLogger - Using platform encoding (Cp1252 actually) to copy filtered resources, i.e. build is platform dependent!
2021-01-14 12:38:34,743 [Worker-93: Building] INFO  o.e.m.c.i.embedder.EclipseLogger - skip non existing resourceDirectory C:\Users\paone\eclipse-workspace\E2EProjectCucumber\E2EProjectCucumber\src\test\resources
2021-01-14 12:38:51,277 [Worker-94: Building] WARN  o.e.m.c.i.embedder.EclipseLogger - File encoding has not been set, using platform encoding Cp1252, i.e. build is platform dependent!
2021-01-14 12:38:51,278 [Worker-94: Building] WARN  o.e.m.c.i.embedder.EclipseLogger - Using platform encoding (Cp1252 actually) to copy filtered resources, i.e. build is platform dependent!
2021-01-14 12:38:51,280 [Worker-94: Building] INFO  o.e.m.c.i.embedder.EclipseLogger - Copying 8 resources
2021-01-14 12:38:51,288 [Worker-94: Building] WARN  o.e.m.c.i.embedder.EclipseLogger - Using platform encoding (Cp1252 actually) to copy filtered resources, i.e. build is platform dependent!
2021-01-14 12:38:51,289 [Worker-94: Building] INFO  o.e.m.c.i.embedder.EclipseLogger - skip non existing resourceDirectory C:\Users\paone\eclipse-workspace\E2EProjectCucumber\E2EProjectCucumber\src\test\resources
2021-01-14 12:39:57,242 [Worker-97: Building] WARN  o.e.m.c.i.embedder.EclipseLogger - File encoding has not been set, using platform encoding Cp1252, i.e. build is platform dependent!
2021-01-14 12:39:57,244 [Worker-97: Building] WARN  o.e.m.c.i.embedder.EclipseLogger - Using platform encoding (Cp1252 actually) to copy filtered resources, i.e. build is platform dependent!
2021-01-14 12:39:57,246 [Worker-97: Building] INFO  o.e.m.c.i.embedder.EclipseLogger - Copying 7 resources
2021-01-14 12:39:57,257 [Worker-97: Building] WARN  o.e.m.c.i.embedder.EclipseLogger - Using platform encoding (Cp1252 actually) to copy filtered resources, i.e. build is platform dependent!
2021-01-14 12:39:57,258 [Worker-97: Building] INFO  o.e.m.c.i.embedder.EclipseLogger - skip non existing resourceDirectory C:\Users\paone\eclipse-workspace\E2EProjectCucumber\E2EProjectCucumber\src\test\resources
2021-01-14 12:41:20,126 [Worker-94: Building] WARN  o.e.m.c.i.embedder.EclipseLogger - File encoding has not been set, using platform encoding Cp1252, i.e. build is platform dependent!
2021-01-14 12:41:20,127 [Worker-94: Building] WARN  o.e.m.c.i.embedder.EclipseLogger - Using platform encoding (Cp1252 actually) to copy filtered resources, i.e. build is platform dependent!
2021-01-14 12:41:20,129 [Worker-94: Building] INFO  o.e.m.c.i.embedder.EclipseLogger - Copying 7 resources
2021-01-14 12:41:20,136 [Worker-94: Building] WARN  o.e.m.c.i.embedder.EclipseLogger - Using platform encoding (Cp1252 actually) to copy filtered resources, i.e. build is platform dependent!
2021-01-14 12:41:20,137 [Worker-94: Building] INFO  o.e.m.c.i.embedder.EclipseLogger - skip non existing resourceDirectory C:\Users\paone\eclipse-workspace\E2EProjectCucumber\E2EProjectCucumber\src\test\resources
2021-01-14 12:41:34,155 [Worker-94: Building] WARN  o.e.m.c.i.embedder.EclipseLogger - File encoding has not been set, using platform encoding Cp1252, i.e. build is platform dependent!
2021-01-14 12:41:34,156 [Worker-94: Building] WARN  o.e.m.c.i.embedder.EclipseLogger - Using platform encoding (Cp1252 actually) to copy filtered resources, i.e. build is platform dependent!
2021-01-14 12:41:34,158 [Worker-94: Building] INFO  o.e.m.c.i.embedder.EclipseLogger - Copying 6 resources
2021-01-14 12:41:34,166 [Worker-94: Building] WARN  o.e.m.c.i.embedder.EclipseLogger - Using platform encoding (Cp1252 actually) to copy filtered resources, i.e. build is platform dependent!
2021-01-14 12:41:34,167 [Worker-94: Building] INFO  o.e.m.c.i.embedder.EclipseLogger - skip non existing resourceDirectory C:\Users\paone\eclipse-workspace\E2EProjectCucumber\E2EProjectCucumber\src\test\resources
2021-01-14 12:41:40,856 [Worker-93: Building] WARN  o.e.m.c.i.embedder.EclipseLogger - File encoding has not been set, using platform encoding Cp1252, i.e. build is platform dependent!
2021-01-14 12:41:40,857 [Worker-93: Building] WARN  o.e.m.c.i.embedder.EclipseLogger - Using platform encoding (Cp1252 actually) to copy filtered resources, i.e. build is platform dependent!
2021-01-14 12:41:40,858 [Worker-93: Building] INFO  o.e.m.c.i.embedder.EclipseLogger - Copying 0 resource
2021-01-14 12:41:40,860 [Worker-93: Building] WARN  o.e.m.c.i.embedder.EclipseLogger - Using platform encoding (Cp1252 actually) to copy filtered resources, i.e. build is platform dependent!
2021-01-14 12:41:40,862 [Worker-93: Building] INFO  o.e.m.c.i.embedder.EclipseLogger - skip non existing resourceDirectory C:\Users\paone\eclipse-workspace\E2EProjectCucumber\E2EProjectCucumber\src\test\resources
2021-01-14 12:41:50,444 [Worker-97: Building] WARN  o.e.m.c.i.embedder.EclipseLogger - File encoding has not been set, using platform encoding Cp1252, i.e. build is platform dependent!
2021-01-14 12:41:50,445 [Worker-97: Building] WARN  o.e.m.c.i.embedder.EclipseLogger - Using platform encoding (Cp1252 actually) to copy filtered resources, i.e. build is platform dependent!
2021-01-14 12:41:50,447 [Worker-97: Building] INFO  o.e.m.c.i.embedder.EclipseLogger - Copying 5 resources
2021-01-14 12:41:50,451 [Worker-97: Building] WARN  o.e.m.c.i.embedder.EclipseLogger - Using platform encoding (Cp1252 actually) to copy filtered resources, i.e. build is platform dependent!
2021-01-14 12:41:50,452 [Worker-97: Building] INFO  o.e.m.c.i.embedder.EclipseLogger - skip non existing resourceDirectory C:\Users\paone\eclipse-workspace\E2EProjectCucumber\E2EProjectCucumber\src\test\resources
2021-01-14 12:41:55,465 [Worker-97: Building] WARN  o.e.m.c.i.embedder.EclipseLogger - File encoding has not been set, using platform encoding Cp1252, i.e. build is platform dependent!
2021-01-14 12:41:55,465 [Worker-97: Building] WARN  o.e.m.c.i.embedder.EclipseLogger - Using platform encoding (Cp1252 actually) to copy filtered resources, i.e. build is platform dependent!
2021-01-14 12:41:55,466 [Worker-97: Building] INFO  o.e.m.c.i.embedder.EclipseLogger - Copying 5 resources
2021-01-14 12:41:55,471 [Worker-97: Building] WARN  o.e.m.c.i.embedder.EclipseLogger - Using platform encoding (Cp1252 actually) to copy filtered resources, i.e. build is platform dependent!
2021-01-14 12:41:55,472 [Worker-97: Building] INFO  o.e.m.c.i.embedder.EclipseLogger - skip non existing resourceDirectory C:\Users\paone\eclipse-workspace\E2EProjectCucumber\E2EProjectCucumber\src\test\resources
2021-01-14 12:42:16,219 [Worker-98: Building] WARN  o.e.m.c.i.embedder.EclipseLogger - File encoding has not been set, using platform encoding Cp1252, i.e. build is platform dependent!
2021-01-14 12:42:16,221 [Worker-98: Building] WARN  o.e.m.c.i.embedder.EclipseLogger - Using platform encoding (Cp1252 actually) to copy filtered resources, i.e. build is platform dependent!
2021-01-14 12:42:16,222 [Worker-98: Building] INFO  o.e.m.c.i.embedder.EclipseLogger - Copying 0 resource
2021-01-14 12:42:16,222 [Worker-98: Building] WARN  o.e.m.c.i.embedder.EclipseLogger - Using platform encoding (Cp1252 actually) to copy filtered resources, i.e. build is platform dependent!
2021-01-14 12:42:16,223 [Worker-98: Building] INFO  o.e.m.c.i.embedder.EclipseLogger - skip non existing resourceDirectory C:\Users\paone\eclipse-workspace\E2EProjectCucumber\E2EProjectCucumber\src\test\resources
2021-01-14 12:43:17,552 [Worker-97: Building] WARN  o.e.m.c.i.embedder.EclipseLogger - File encoding has not been set, using platform encoding Cp1252, i.e. build is platform dependent!
2021-01-14 12:43:17,553 [Worker-97: Building] WARN  o.e.m.c.i.embedder.EclipseLogger - Using platform encoding (Cp1252 actually) to copy filtered resources, i.e. build is platform dependent!
2021-01-14 12:43:17,554 [Worker-97: Building] INFO  o.e.m.c.i.embedder.EclipseLogger - Copying 0 resource
2021-01-14 12:43:17,555 [Worker-97: Building] WARN  o.e.m.c.i.embedder.EclipseLogger - Using platform encoding (Cp1252 actually) to copy filtered resources, i.e. build is platform dependent!
2021-01-14 12:43:17,556 [Worker-97: Building] INFO  o.e.m.c.i.embedder.EclipseLogger - skip non existing resourceDirectory C:\Users\paone\eclipse-workspace\E2EProjectCucumber\E2EProjectCucumber\src\test\resources
2021-01-14 12:45:59,297 [Worker-100: Building] WARN  o.e.m.c.i.embedder.EclipseLogger - File encoding has not been set, using platform encoding Cp1252, i.e. build is platform dependent!
2021-01-14 12:45:59,298 [Worker-100: Building] WARN  o.e.m.c.i.embedder.EclipseLogger - Using platform encoding (Cp1252 actually) to copy filtered resources, i.e. build is platform dependent!
2021-01-14 12:45:59,299 [Worker-100: Building] INFO  o.e.m.c.i.embedder.EclipseLogger - Copying 0 resource
2021-01-14 12:45:59,300 [Worker-100: Building] WARN  o.e.m.c.i.embedder.EclipseLogger - Using platform encoding (Cp1252 actually) to copy filtered resources, i.e. build is platform dependent!
2021-01-14 12:45:59,301 [Worker-100: Building] INFO  o.e.m.c.i.embedder.EclipseLogger - skip non existing resourceDirectory C:\Users\paone\eclipse-workspace\E2EProjectCucumber\E2EProjectCucumber\src\test\resources
2021-01-14 12:46:10,304 [Worker-94: Building] WARN  o.e.m.c.i.embedder.EclipseLogger - File encoding has not been set, using platform encoding Cp1252, i.e. build is platform dependent!
2021-01-14 12:46:10,305 [Worker-94: Building] WARN  o.e.m.c.i.embedder.EclipseLogger - Using platform encoding (Cp1252 actually) to copy filtered resources, i.e. build is platform dependent!
2021-01-14 12:46:10,306 [Worker-94: Building] INFO  o.e.m.c.i.embedder.EclipseLogger - Copying 0 resource
2021-01-14 12:46:10,308 [Worker-94: Building] WARN  o.e.m.c.i.embedder.EclipseLogger - Using platform encoding (Cp1252 actually) to copy filtered resources, i.e. build is platform dependent!
2021-01-14 12:46:10,309 [Worker-94: Building] INFO  o.e.m.c.i.embedder.EclipseLogger - skip non existing resourceDirectory C:\Users\paone\eclipse-workspace\E2EProjectCucumber\E2EProjectCucumber\src\test\resources
2021-01-14 12:46:38,894 [Worker-94: Building] WARN  o.e.m.c.i.embedder.EclipseLogger - File encoding has not been set, using platform encoding Cp1252, i.e. build is platform dependent!
2021-01-14 12:46:38,895 [Worker-94: Building] WARN  o.e.m.c.i.embedder.EclipseLogger - Using platform encoding (Cp1252 actually) to copy filtered resources, i.e. build is platform dependent!
2021-01-14 12:46:38,896 [Worker-94: Building] INFO  o.e.m.c.i.embedder.EclipseLogger - Copying 0 resource
2021-01-14 12:46:38,896 [Worker-94: Building] WARN  o.e.m.c.i.embedder.EclipseLogger - Using platform encoding (Cp1252 actually) to copy filtered resources, i.e. build is platform dependent!
2021-01-14 12:46:38,897 [Worker-94: Building] INFO  o.e.m.c.i.embedder.EclipseLogger - skip non existing resourceDirectory C:\Users\paone\eclipse-workspace\E2EProjectCucumber\E2EProjectCucumber\src\test\resources
2021-01-14 12:47:07,167 [Worker-100: Building] WARN  o.e.m.c.i.embedder.EclipseLogger - File encoding has not been set, using platform encoding Cp1252, i.e. build is platform dependent!
2021-01-14 12:47:07,168 [Worker-100: Building] WARN  o.e.m.c.i.embedder.EclipseLogger - Using platform encoding (Cp1252 actually) to copy filtered resources, i.e. build is platform dependent!
2021-01-14 12:47:07,168 [Worker-100: Building] INFO  o.e.m.c.i.embedder.EclipseLogger - Copying 0 resource
2021-01-14 12:47:07,169 [Worker-100: Building] WARN  o.e.m.c.i.embedder.EclipseLogger - Using platform encoding (Cp1252 actually) to copy filtered resources, i.e. build is platform dependent!
2021-01-14 12:47:07,170 [Worker-100: Building] INFO  o.e.m.c.i.embedder.EclipseLogger - skip non existing resourceDirectory C:\Users\paone\eclipse-workspace\E2EProjectCucumber\E2EProjectCucumber\src\test\resources
2021-01-14 12:49:17,591 [Worker-102: Building] INFO  o.e.m.c.i.l.LifecycleMappingFactory - Using org.eclipse.m2e.jdt.JarLifecycleMapping lifecycle mapping for MavenProject: Academy:E2EProject:1.0-SNAPSHOT @ C:\Users\paone\eclipse-workspace\E2EProjectCucumber\E2EProjectCucumber\pom.xml.
2021-01-14 12:49:18,875 [Worker-102: Building] WARN  o.e.m.c.i.embedder.EclipseLogger - File encoding has not been set, using platform encoding Cp1252, i.e. build is platform dependent!
2021-01-14 12:49:18,883 [Worker-102: Building] WARN  o.e.m.c.i.embedder.EclipseLogger - Using platform encoding (Cp1252 actually) to copy filtered resources, i.e. build is platform dependent!
2021-01-14 12:49:18,886 [Worker-102: Building] INFO  o.e.m.c.i.embedder.EclipseLogger - Copying 0 resource
2021-01-14 12:49:18,889 [Worker-102: Building] WARN  o.e.m.c.i.embedder.EclipseLogger - Using platform encoding (Cp1252 actually) to copy filtered resources, i.e. build is platform dependent!
2021-01-14 12:49:18,890 [Worker-102: Building] INFO  o.e.m.c.i.embedder.EclipseLogger - skip non existing resourceDirectory C:\Users\paone\eclipse-workspace\E2EProjectCucumber\E2EProjectCucumber\src\test\resources
2021-01-14 12:49:20,466 [Worker-104: Building] WARN  o.e.m.c.i.embedder.EclipseLogger - File encoding has not been set, using platform encoding Cp1252, i.e. build is platform dependent!
2021-01-14 12:49:20,467 [Worker-104: Building] WARN  o.e.m.c.i.embedder.EclipseLogger - Using platform encoding (Cp1252 actually) to copy filtered resources, i.e. build is platform dependent!
2021-01-14 12:49:20,469 [Worker-104: Building] INFO  o.e.m.c.i.embedder.EclipseLogger - Copying 5 resources
2021-01-14 12:49:20,493 [Worker-104: Building] WARN  o.e.m.c.i.embedder.EclipseLogger - Using platform encoding (Cp1252 actually) to copy filtered resources, i.e. build is platform dependent!
2021-01-14 12:49:20,494 [Worker-104: Building] INFO  o.e.m.c.i.embedder.EclipseLogger - skip non existing resourceDirectory C:\Users\paone\eclipse-workspace\E2EProjectCucumber\E2EProjectCucumber\src\test\resources
2021-01-14 12:49:20,858 [Worker-108: Download sources and javadoc] INFO  o.e.m.c.i.e.AbstractTransferListenerAdapter - Downloading https://repo.maven.apache.org/maven2/mysql/mysql-connector-java/8.0.22/mysql-connector-java-8.0.22-sources.jar
2021-01-14 12:49:21,532 [Worker-108: Download sources and javadoc] INFO  o.e.m.c.i.e.AbstractTransferListenerAdapter - Downloaded https://repo.maven.apache.org/maven2/mysql/mysql-connector-java/8.0.22/mysql-connector-java-8.0.22-sources.jar
2021-01-14 12:49:21,578 [Worker-108: Download sources and javadoc] INFO  o.e.m.j.internal.DownloadSourcesJob - Downloaded sources for mysql:mysql-connector-java:8.0.22
2021-01-14 12:49:21,890 [Worker-108: Download sources and javadoc] INFO  o.e.m.c.i.e.AbstractTransferListenerAdapter - Downloading https://repo.maven.apache.org/maven2/com/google/protobuf/protobuf-java/3.11.4/protobuf-java-3.11.4-sources.jar
2021-01-14 12:49:22,475 [Worker-108: Download sources and javadoc] INFO  o.e.m.c.i.e.AbstractTransferListenerAdapter - Downloaded https://repo.maven.apache.org/maven2/com/google/protobuf/protobuf-java/3.11.4/protobuf-java-3.11.4-sources.jar
2021-01-14 12:49:22,531 [Worker-108: Download sources and javadoc] INFO  o.e.m.j.internal.DownloadSourcesJob - Downloaded sources for com.google.protobuf:protobuf-java:3.11.4
2021-01-14 12:49:22,791 [Worker-108: Building] WARN  o.e.m.c.i.embedder.EclipseLogger - File encoding has not been set, using platform encoding Cp1252, i.e. build is platform dependent!
2021-01-14 12:49:22,792 [Worker-108: Building] WARN  o.e.m.c.i.embedder.EclipseLogger - Using platform encoding (Cp1252 actually) to copy filtered resources, i.e. build is platform dependent!
2021-01-14 12:49:22,794 [Worker-108: Building] INFO  o.e.m.c.i.embedder.EclipseLogger - Copying 0 resource
2021-01-14 12:49:22,795 [Worker-108: Building] WARN  o.e.m.c.i.embedder.EclipseLogger - Using platform encoding (Cp1252 actually) to copy filtered resources, i.e. build is platform dependent!
2021-01-14 12:49:22,796 [Worker-108: Building] INFO  o.e.m.c.i.embedder.EclipseLogger - skip non existing resourceDirectory C:\Users\paone\eclipse-workspace\E2EProjectCucumber\E2EProjectCucumber\src\test\resources
2021-01-14 12:50:12,691 [Worker-108: Building] WARN  o.e.m.c.i.embedder.EclipseLogger - File encoding has not been set, using platform encoding Cp1252, i.e. build is platform dependent!
2021-01-14 12:50:12,693 [Worker-108: Building] WARN  o.e.m.c.i.embedder.EclipseLogger - Using platform encoding (Cp1252 actually) to copy filtered resources, i.e. build is platform dependent!
2021-01-14 12:50:12,694 [Worker-108: Building] INFO  o.e.m.c.i.embedder.EclipseLogger - Copying 1 resource
2021-01-14 12:50:12,696 [Worker-108: Building] WARN  o.e.m.c.i.embedder.EclipseLogger - Using platform encoding (Cp1252 actually) to copy filtered resources, i.e. build is platform dependent!
2021-01-14 12:50:12,696 [Worker-108: Building] INFO  o.e.m.c.i.embedder.EclipseLogger - skip non existing resourceDirectory C:\Users\paone\eclipse-workspace\E2EProjectCucumber\E2EProjectCucumber\src\test\resources
2021-01-14 12:51:52,112 [Worker-110: Building] INFO  o.e.m.c.i.l.LifecycleMappingFactory - Using org.eclipse.m2e.jdt.JarLifecycleMapping lifecycle mapping for MavenProject: Academy:E2EProject:1.0-SNAPSHOT @ C:\Users\paone\eclipse-workspace\E2EProjectCucumber\E2EProjectCucumber\pom.xml.
2021-01-14 12:51:52,893 [Worker-110: Building] WARN  o.e.m.c.i.embedder.EclipseLogger - File encoding has not been set, using platform encoding Cp1252, i.e. build is platform dependent!
2021-01-14 12:51:52,898 [Worker-110: Building] WARN  o.e.m.c.i.embedder.EclipseLogger - Using platform encoding (Cp1252 actually) to copy filtered resources, i.e. build is platform dependent!
2021-01-14 12:51:52,900 [Worker-110: Building] INFO  o.e.m.c.i.embedder.EclipseLogger - Copying 0 resource
2021-01-14 12:51:52,901 [Worker-110: Building] WARN  o.e.m.c.i.embedder.EclipseLogger - Using platform encoding (Cp1252 actually) to copy filtered resources, i.e. build is platform dependent!
2021-01-14 12:51:52,902 [Worker-110: Building] INFO  o.e.m.c.i.embedder.EclipseLogger - skip non existing resourceDirectory C:\Users\paone\eclipse-workspace\E2EProjectCucumber\E2EProjectCucumber\src\test\resources
2021-01-14 12:51:54,453 [Worker-104: Building] WARN  o.e.m.c.i.embedder.EclipseLogger - File encoding has not been set, using platform encoding Cp1252, i.e. build is platform dependent!
2021-01-14 12:51:54,454 [Worker-104: Building] WARN  o.e.m.c.i.embedder.EclipseLogger - Using platform encoding (Cp1252 actually) to copy filtered resources, i.e. build is platform dependent!
2021-01-14 12:51:54,456 [Worker-104: Building] INFO  o.e.m.c.i.embedder.EclipseLogger - Copying 5 resources
2021-01-14 12:51:54,473 [Worker-104: Building] WARN  o.e.m.c.i.embedder.EclipseLogger - Using platform encoding (Cp1252 actually) to copy filtered resources, i.e. build is platform dependent!
2021-01-14 12:51:54,474 [Worker-104: Building] INFO  o.e.m.c.i.embedder.EclipseLogger - skip non existing resourceDirectory C:\Users\paone\eclipse-workspace\E2EProjectCucumber\E2EProjectCucumber\src\test\resources
2021-01-14 12:51:54,846 [Worker-112: Download sources and javadoc] INFO  o.e.m.c.i.e.AbstractTransferListenerAdapter - Downloading https://repo.maven.apache.org/maven2/com/microsoft/sqlserver/mssql-jdbc/9.1.1.jre15-preview/mssql-jdbc-9.1.1.jre15-preview-sources.jar
2021-01-14 12:51:55,191 [Worker-112: Download sources and javadoc] INFO  o.e.m.c.i.e.AbstractTransferListenerAdapter - Downloaded https://repo.maven.apache.org/maven2/com/microsoft/sqlserver/mssql-jdbc/9.1.1.jre15-preview/mssql-jdbc-9.1.1.jre15-preview-sources.jar
2021-01-14 12:51:55,245 [Worker-112: Download sources and javadoc] INFO  o.e.m.j.internal.DownloadSourcesJob - Downloaded sources for com.microsoft.sqlserver:mssql-jdbc:9.1.1.jre15-preview
2021-01-14 12:51:55,522 [Worker-104: Building] WARN  o.e.m.c.i.embedder.EclipseLogger - File encoding has not been set, using platform encoding Cp1252, i.e. build is platform dependent!
2021-01-14 12:51:55,523 [Worker-104: Building] WARN  o.e.m.c.i.embedder.EclipseLogger - Using platform encoding (Cp1252 actually) to copy filtered resources, i.e. build is platform dependent!
2021-01-14 12:51:55,524 [Worker-104: Building] INFO  o.e.m.c.i.embedder.EclipseLogger - Copying 0 resource
2021-01-14 12:51:55,525 [Worker-104: Building] WARN  o.e.m.c.i.embedder.EclipseLogger - Using platform encoding (Cp1252 actually) to copy filtered resources, i.e. build is platform dependent!
2021-01-14 12:51:55,525 [Worker-104: Building] INFO  o.e.m.c.i.embedder.EclipseLogger - skip non existing resourceDirectory C:\Users\paone\eclipse-workspace\E2EProjectCucumber\E2EProjectCucumber\src\test\resources
2021-01-14 12:51:58,517 [Worker-104: Building] INFO  o.e.m.c.i.l.LifecycleMappingFactory - Using org.eclipse.m2e.jdt.JarLifecycleMapping lifecycle mapping for MavenProject: Academy:E2EProject:1.0-SNAPSHOT @ C:\Users\paone\eclipse-workspace\E2EProjectCucumber\E2EProjectCucumber\pom.xml.
2021-01-14 12:51:59,189 [Worker-104: Building] WARN  o.e.m.c.i.embedder.EclipseLogger - File encoding has not been set, using platform encoding Cp1252, i.e. build is platform dependent!
2021-01-14 12:51:59,194 [Worker-104: Building] WARN  o.e.m.c.i.embedder.EclipseLogger - Using platform encoding (Cp1252 actually) to copy filtered resources, i.e. build is platform dependent!
2021-01-14 12:51:59,195 [Worker-104: Building] INFO  o.e.m.c.i.embedder.EclipseLogger - Copying 0 resource
2021-01-14 12:51:59,197 [Worker-104: Building] WARN  o.e.m.c.i.embedder.EclipseLogger - Using platform encoding (Cp1252 actually) to copy filtered resources, i.e. build is platform dependent!
2021-01-14 12:51:59,198 [Worker-104: Building] INFO  o.e.m.c.i.embedder.EclipseLogger - skip non existing resourceDirectory C:\Users\paone\eclipse-workspace\E2EProjectCucumber\E2EProjectCucumber\src\test\resources
2021-01-14 12:53:49,007 [Worker-115: Building] INFO  o.e.m.c.i.l.LifecycleMappingFactory - Using org.eclipse.m2e.jdt.JarLifecycleMapping lifecycle mapping for MavenProject: Academy:E2EProject:1.0-SNAPSHOT @ C:\Users\paone\eclipse-workspace\E2EProjectCucumber\E2EProjectCucumber\pom.xml.
2021-01-14 12:53:50,132 [Worker-115: Building] INFO  o.e.m.c.i.e.AbstractTransferListenerAdapter - Downloaded https://repo.maven.apache.org/maven2/com/microsoft/sqlserver/jdbc/sqljdbc/4.0/sqljdbc-4.0.pom
2021-01-14 12:53:50,135 [Worker-115: Building] WARN  o.e.m.c.i.embedder.EclipseLogger - The POM for com.microsoft.sqlserver.jdbc:sqljdbc:jar:4.0 is missing, no dependency information available
2021-01-14 12:53:50,212 [Worker-115: Building] INFO  o.e.m.c.i.e.AbstractTransferListenerAdapter - Downloaded https://repo.maven.apache.org/maven2/com/microsoft/sqlserver/jdbc/sqljdbc/4.0/sqljdbc-4.0.jar
2021-01-14 12:53:50,336 [Worker-115: Building] WARN  o.e.m.c.i.embedder.EclipseLogger - File encoding has not been set, using platform encoding Cp1252, i.e. build is platform dependent!
2021-01-14 12:53:50,340 [Worker-115: Building] WARN  o.e.m.c.i.embedder.EclipseLogger - Using platform encoding (Cp1252 actually) to copy filtered resources, i.e. build is platform dependent!
2021-01-14 12:53:50,342 [Worker-115: Building] INFO  o.e.m.c.i.embedder.EclipseLogger - Copying 0 resource
2021-01-14 12:53:50,343 [Worker-115: Building] WARN  o.e.m.c.i.embedder.EclipseLogger - Using platform encoding (Cp1252 actually) to copy filtered resources, i.e. build is platform dependent!
2021-01-14 12:53:50,344 [Worker-115: Building] INFO  o.e.m.c.i.embedder.EclipseLogger - skip non existing resourceDirectory C:\Users\paone\eclipse-workspace\E2EProjectCucumber\E2EProjectCucumber\src\test\resources
2021-01-14 12:53:51,771 [Worker-115: Download sources and javadoc] WARN  o.e.m.c.i.embedder.EclipseLogger - The POM for com.microsoft.sqlserver.jdbc:sqljdbc:jar:4.0 is missing, no dependency information available
2021-01-14 12:53:52,048 [Worker-115: Download sources and javadoc] INFO  o.e.m.c.i.e.AbstractTransferListenerAdapter - Downloaded https://repo.maven.apache.org/maven2/com/microsoft/sqlserver/jdbc/sqljdbc/4.0/sqljdbc-4.0-sources.jar
2021-01-14 12:53:52,061 [Worker-115: Download sources and javadoc] ERROR o.e.m.j.internal.DownloadSourcesJob - Could not download sources for com.microsoft.sqlserver.jdbc:sqljdbc:4.0
org.eclipse.core.runtime.CoreException: Could not resolve artifact com.microsoft.sqlserver.jdbc:sqljdbc:jar:sources:4.0
	at org.eclipse.m2e.core.internal.embedder.MavenImpl.lambda$4(MavenImpl.java:804)
	at org.eclipse.m2e.core.internal.embedder.MavenExecutionContext.executeBare(MavenExecutionContext.java:179)
	at org.eclipse.m2e.core.internal.embedder.MavenExecutionContext.execute(MavenExecutionContext.java:114)
	at org.eclipse.m2e.core.internal.embedder.MavenExecutionContext.execute(MavenExecutionContext.java:101)
	at org.eclipse.m2e.core.internal.embedder.MavenImpl.resolve(MavenImpl.java:772)
	at org.eclipse.m2e.core.internal.embedder.MavenImpl.resolve(MavenImpl.java:749)
	at org.eclipse.m2e.jdt.internal.DownloadSourcesJob.download(DownloadSourcesJob.java:330)
	at org.eclipse.m2e.jdt.internal.DownloadSourcesJob.downloadAttachments(DownloadSourcesJob.java:304)
	at org.eclipse.m2e.jdt.internal.DownloadSourcesJob.downloadMaven(DownloadSourcesJob.java:269)
	at org.eclipse.m2e.jdt.internal.DownloadSourcesJob.downloadFilesAndPopulateToUpdate(DownloadSourcesJob.java:233)
	at org.eclipse.m2e.jdt.internal.DownloadSourcesJob.lambda$0(DownloadSourcesJob.java:161)
	at org.eclipse.m2e.core.internal.embedder.MavenExecutionContext.executeBare(MavenExecutionContext.java:179)
	at org.eclipse.m2e.core.internal.embedder.MavenExecutionContext.execute(MavenExecutionContext.java:153)
	at org.eclipse.m2e.core.internal.embedder.MavenExecutionContext.execute(MavenExecutionContext.java:101)
	at org.eclipse.m2e.core.internal.embedder.MavenImpl.execute(MavenImpl.java:1374)
	at org.eclipse.m2e.jdt.internal.DownloadSourcesJob.run(DownloadSourcesJob.java:161)
	at org.eclipse.core.internal.jobs.Worker.run(Worker.java:63)
2021-01-14 12:54:37,134 [Worker-116: Download sources and javadoc] INFO  o.e.m.c.i.e.AbstractTransferListenerAdapter - Downloaded https://repo.maven.apache.org/maven2/com/microsoft/sqlserver/jdbc/sqljdbc/4.0/sqljdbc-4.0-javadoc.jar
2021-01-14 12:54:37,138 [Worker-116: Download sources and javadoc] ERROR o.e.m.j.internal.DownloadSourcesJob - Could not download javadoc for com.microsoft.sqlserver.jdbc:sqljdbc:4.0
org.eclipse.core.runtime.CoreException: Could not resolve artifact com.microsoft.sqlserver.jdbc:sqljdbc:jar:javadoc:4.0
	at org.eclipse.m2e.core.internal.embedder.MavenImpl.lambda$4(MavenImpl.java:804)
	at org.eclipse.m2e.core.internal.embedder.MavenExecutionContext.executeBare(MavenExecutionContext.java:179)
	at org.eclipse.m2e.core.internal.embedder.MavenExecutionContext.execute(MavenExecutionContext.java:114)
	at org.eclipse.m2e.core.internal.embedder.MavenExecutionContext.execute(MavenExecutionContext.java:101)
	at org.eclipse.m2e.core.internal.embedder.MavenImpl.resolve(MavenImpl.java:772)
	at org.eclipse.m2e.core.internal.embedder.MavenImpl.resolve(MavenImpl.java:749)
	at org.eclipse.m2e.jdt.internal.DownloadSourcesJob.download(DownloadSourcesJob.java:330)
	at org.eclipse.m2e.jdt.internal.DownloadSourcesJob.downloadAttachments(DownloadSourcesJob.java:316)
	at org.eclipse.m2e.jdt.internal.DownloadSourcesJob.downloadMaven(DownloadSourcesJob.java:269)
	at org.eclipse.m2e.jdt.internal.DownloadSourcesJob.downloadFilesAndPopulateToUpdate(DownloadSourcesJob.java:233)
	at org.eclipse.m2e.jdt.internal.DownloadSourcesJob.lambda$0(DownloadSourcesJob.java:161)
	at org.eclipse.m2e.core.internal.embedder.MavenExecutionContext.executeBare(MavenExecutionContext.java:179)
	at org.eclipse.m2e.core.internal.embedder.MavenExecutionContext.execute(MavenExecutionContext.java:153)
	at org.eclipse.m2e.core.internal.embedder.MavenExecutionContext.execute(MavenExecutionContext.java:101)
	at org.eclipse.m2e.core.internal.embedder.MavenImpl.execute(MavenImpl.java:1374)
	at org.eclipse.m2e.jdt.internal.DownloadSourcesJob.run(DownloadSourcesJob.java:161)
	at org.eclipse.core.internal.jobs.Worker.run(Worker.java:63)
2021-01-14 12:55:16,510 [Worker-116: Building] INFO  o.e.m.c.i.l.LifecycleMappingFactory - Using org.eclipse.m2e.jdt.JarLifecycleMapping lifecycle mapping for MavenProject: Academy:E2EProject:1.0-SNAPSHOT @ C:\Users\paone\eclipse-workspace\E2EProjectCucumber\E2EProjectCucumber\pom.xml.
2021-01-14 12:55:17,352 [Worker-116: Building] WARN  o.e.m.c.i.embedder.EclipseLogger - File encoding has not been set, using platform encoding Cp1252, i.e. build is platform dependent!
2021-01-14 12:55:17,355 [Worker-116: Building] WARN  o.e.m.c.i.embedder.EclipseLogger - Using platform encoding (Cp1252 actually) to copy filtered resources, i.e. build is platform dependent!
2021-01-14 12:55:17,357 [Worker-116: Building] INFO  o.e.m.c.i.embedder.EclipseLogger - Copying 0 resource
2021-01-14 12:55:17,358 [Worker-116: Building] WARN  o.e.m.c.i.embedder.EclipseLogger - Using platform encoding (Cp1252 actually) to copy filtered resources, i.e. build is platform dependent!
2021-01-14 12:55:17,359 [Worker-116: Building] INFO  o.e.m.c.i.embedder.EclipseLogger - skip non existing resourceDirectory C:\Users\paone\eclipse-workspace\E2EProjectCucumber\E2EProjectCucumber\src\test\resources
2021-01-14 12:55:19,243 [Worker-115: Building] WARN  o.e.m.c.i.embedder.EclipseLogger - File encoding has not been set, using platform encoding Cp1252, i.e. build is platform dependent!
2021-01-14 12:55:19,244 [Worker-115: Building] WARN  o.e.m.c.i.embedder.EclipseLogger - Using platform encoding (Cp1252 actually) to copy filtered resources, i.e. build is platform dependent!
2021-01-14 12:55:19,245 [Worker-115: Building] INFO  o.e.m.c.i.embedder.EclipseLogger - Copying 5 resources
2021-01-14 12:55:19,267 [Worker-115: Building] WARN  o.e.m.c.i.embedder.EclipseLogger - Using platform encoding (Cp1252 actually) to copy filtered resources, i.e. build is platform dependent!
2021-01-14 12:55:19,268 [Worker-115: Building] INFO  o.e.m.c.i.embedder.EclipseLogger - skip non existing resourceDirectory C:\Users\paone\eclipse-workspace\E2EProjectCucumber\E2EProjectCucumber\src\test\resources
2021-01-14 12:58:11,083 [Worker-113: Building] INFO  o.e.m.c.i.l.LifecycleMappingFactory - Using org.eclipse.m2e.jdt.JarLifecycleMapping lifecycle mapping for MavenProject: Academy:E2EProject:1.0-SNAPSHOT @ C:\Users\paone\eclipse-workspace\E2EProjectCucumber\E2EProjectCucumber\pom.xml.
2021-01-14 12:58:11,735 [Worker-113: Building] WARN  o.e.m.c.i.embedder.EclipseLogger - File encoding has not been set, using platform encoding Cp1252, i.e. build is platform dependent!
2021-01-14 12:58:11,739 [Worker-113: Building] WARN  o.e.m.c.i.embedder.EclipseLogger - Using platform encoding (Cp1252 actually) to copy filtered resources, i.e. build is platform dependent!
2021-01-14 12:58:11,742 [Worker-113: Building] INFO  o.e.m.c.i.embedder.EclipseLogger - Copying 0 resource
2021-01-14 12:58:11,742 [Worker-113: Building] WARN  o.e.m.c.i.embedder.EclipseLogger - Using platform encoding (Cp1252 actually) to copy filtered resources, i.e. build is platform dependent!
2021-01-14 12:58:11,742 [Worker-113: Building] INFO  o.e.m.c.i.embedder.EclipseLogger - skip non existing resourceDirectory C:\Users\paone\eclipse-workspace\E2EProjectCucumber\E2EProjectCucumber\src\test\resources
2021-01-14 12:58:13,425 [Worker-120: Building] WARN  o.e.m.c.i.embedder.EclipseLogger - File encoding has not been set, using platform encoding Cp1252, i.e. build is platform dependent!
2021-01-14 12:58:13,427 [Worker-120: Building] WARN  o.e.m.c.i.embedder.EclipseLogger - Using platform encoding (Cp1252 actually) to copy filtered resources, i.e. build is platform dependent!
2021-01-14 12:58:13,428 [Worker-120: Building] INFO  o.e.m.c.i.embedder.EclipseLogger - Copying 5 resources
2021-01-14 12:58:13,451 [Worker-120: Building] WARN  o.e.m.c.i.embedder.EclipseLogger - Using platform encoding (Cp1252 actually) to copy filtered resources, i.e. build is platform dependent!
2021-01-14 12:58:13,452 [Worker-120: Building] INFO  o.e.m.c.i.embedder.EclipseLogger - skip non existing resourceDirectory C:\Users\paone\eclipse-workspace\E2EProjectCucumber\E2EProjectCucumber\src\test\resources
2021-01-14 12:58:13,936 [Worker-119: Download sources and javadoc] INFO  o.e.m.c.i.e.AbstractTransferListenerAdapter - Downloading https://repo.maven.apache.org/maven2/com/microsoft/sqlserver/mssql-jdbc/8.2.2.jre8/mssql-jdbc-8.2.2.jre8-sources.jar
2021-01-14 12:58:14,477 [Worker-119: Download sources and javadoc] INFO  o.e.m.c.i.e.AbstractTransferListenerAdapter - Downloaded https://repo.maven.apache.org/maven2/com/microsoft/sqlserver/mssql-jdbc/8.2.2.jre8/mssql-jdbc-8.2.2.jre8-sources.jar
2021-01-14 12:58:14,508 [Worker-119: Download sources and javadoc] INFO  o.e.m.j.internal.DownloadSourcesJob - Downloaded sources for com.microsoft.sqlserver:mssql-jdbc:8.2.2.jre8
2021-01-14 12:58:14,727 [Worker-113: Building] WARN  o.e.m.c.i.embedder.EclipseLogger - File encoding has not been set, using platform encoding Cp1252, i.e. build is platform dependent!
2021-01-14 12:58:14,728 [Worker-113: Building] WARN  o.e.m.c.i.embedder.EclipseLogger - Using platform encoding (Cp1252 actually) to copy filtered resources, i.e. build is platform dependent!
2021-01-14 12:58:14,729 [Worker-113: Building] INFO  o.e.m.c.i.embedder.EclipseLogger - Copying 0 resource
2021-01-14 12:58:14,729 [Worker-113: Building] WARN  o.e.m.c.i.embedder.EclipseLogger - Using platform encoding (Cp1252 actually) to copy filtered resources, i.e. build is platform dependent!
2021-01-14 12:58:14,730 [Worker-113: Building] INFO  o.e.m.c.i.embedder.EclipseLogger - skip non existing resourceDirectory C:\Users\paone\eclipse-workspace\E2EProjectCucumber\E2EProjectCucumber\src\test\resources
